[ 2017-08-24T00:02:57+08:00 ] 192.168.199.129 /app/news.json
INFO: [ app_init ] --START--
INFO: Run Behavior\BuildLiteBehavior [ RunTime:0.000000s ]
INFO: [ app_init ] --END-- [ RunTime:0.000500s ]
INFO: [ app_begin ] --START--
INFO: Run Behavior\ReadHtmlCacheBehavior [ RunTime:0.001000s ]
INFO: [ app_begin ] --END-- [ RunTime:0.001000s ]
SQL: SHOW COLUMNS FROM `cz_news` [ RunTime:0.0030s ]
SQL: SELECT * FROM `cz_news`  [ RunTime:0.0010s ]

[ 2017-08-24T00:03:24+08:00 ] 192.168.199.129 /app/news.json
INFO: [ app_init ] --START--
INFO: Run Behavior\BuildLiteBehavior [ RunTime:0.000000s ]
INFO: [ app_init ] --END-- [ RunTime:0.000500s ]
INFO: [ app_begin ] --START--
INFO: Run Behavior\ReadHtmlCacheBehavior [ RunTime:0.001000s ]
INFO: [ app_begin ] --END-- [ RunTime:0.001000s ]
SQL: SHOW COLUMNS FROM `cz_news` [ RunTime:0.0035s ]
SQL: SELECT * FROM `cz_news`  [ RunTime:0.0015s ]

[ 2017-08-24T00:06:26+08:00 ] 192.168.199.129 /app/news.json
INFO: [ app_init ] --START--
INFO: Run Behavior\BuildLiteBehavior [ RunTime:0.000000s ]
INFO: [ app_init ] --END-- [ RunTime:0.000500s ]
INFO: [ app_begin ] --START--
INFO: Run Behavior\ReadHtmlCacheBehavior [ RunTime:0.000500s ]
INFO: [ app_begin ] --END-- [ RunTime:0.001000s ]
SQL: SHOW COLUMNS FROM `cz_news` [ RunTime:0.0040s ]
SQL: SELECT * FROM `cz_news`  [ RunTime:0.0020s ]

[ 2017-08-24T00:10:14+08:00 ] 192.168.199.129 /app/news.json
INFO: [ app_init ] --START--
INFO: Run Behavior\BuildLiteBehavior [ RunTime:0.000000s ]
INFO: [ app_init ] --END-- [ RunTime:0.000500s ]
INFO: [ app_begin ] --START--
INFO: Run Behavior\ReadHtmlCacheBehavior [ RunTime:0.001000s ]
INFO: [ app_begin ] --END-- [ RunTime:0.001500s ]
SQL: SHOW COLUMNS FROM `cz_news` [ RunTime:0.0045s ]
SQL: SELECT * FROM `cz_news`  [ RunTime:0.0015s ]

[ 2017-08-24T00:12:37+08:00 ] 192.168.199.129 /app/news.json
INFO: [ app_init ] --START--
INFO: Run Behavior\BuildLiteBehavior [ RunTime:0.000000s ]
INFO: [ app_init ] --END-- [ RunTime:0.001000s ]
INFO: [ app_begin ] --START--
INFO: Run Behavior\ReadHtmlCacheBehavior [ RunTime:0.001500s ]
INFO: [ app_begin ] --END-- [ RunTime:0.001500s ]
SQL: SHOW COLUMNS FROM `cz_news` [ RunTime:0.0045s ]
SQL: SELECT * FROM `cz_news`  [ RunTime:0.0015s ]

[ 2017-08-24T00:13:19+08:00 ] 192.168.199.129 /app/news.json
INFO: [ app_init ] --START--
INFO: Run Behavior\BuildLiteBehavior [ RunTime:0.000500s ]
INFO: [ app_init ] --END-- [ RunTime:0.000500s ]
INFO: [ app_begin ] --START--
INFO: Run Behavior\ReadHtmlCacheBehavior [ RunTime:0.000500s ]
INFO: [ app_begin ] --END-- [ RunTime:0.001000s ]
SQL: SHOW COLUMNS FROM `cz_news` [ RunTime:0.0025s ]
SQL: SELECT * FROM `cz_news`  [ RunTime:0.0010s ]

[ 2017-08-24T00:14:52+08:00 ] 192.168.199.129 /app/news.json
INFO: [ app_init ] --START--
INFO: Run Behavior\BuildLiteBehavior [ RunTime:0.000000s ]
INFO: [ app_init ] --END-- [ RunTime:0.000500s ]
INFO: [ app_begin ] --START--
INFO: Run Behavior\ReadHtmlCacheBehavior [ RunTime:0.000500s ]
INFO: [ app_begin ] --END-- [ RunTime:0.000500s ]
SQL: SHOW COLUMNS FROM `cz_news` [ RunTime:0.0035s ]
SQL: SELECT * FROM `cz_news`  [ RunTime:0.0015s ]

[ 2017-08-24T00:16:22+08:00 ] 192.168.199.129 /app/news.json
INFO: [ app_init ] --START--
INFO: Run Behavior\BuildLiteBehavior [ RunTime:0.000000s ]
INFO: [ app_init ] --END-- [ RunTime:0.000501s ]
INFO: [ app_begin ] --START--
INFO: Run Behavior\ReadHtmlCacheBehavior [ RunTime:0.000500s ]
INFO: [ app_begin ] --END-- [ RunTime:0.000500s ]
SQL: SHOW COLUMNS FROM `cz_news` [ RunTime:0.0030s ]
SQL: SELECT * FROM `cz_news`  [ RunTime:0.0015s ]

[ 2017-08-24T00:17:51+08:00 ] 192.168.199.129 /app/news.json
INFO: [ app_init ] --START--
INFO: Run Behavior\BuildLiteBehavior [ RunTime:0.000000s ]
INFO: [ app_init ] --END-- [ RunTime:0.000500s ]
INFO: [ app_begin ] --START--
INFO: Run Behavior\ReadHtmlCacheBehavior [ RunTime:0.000500s ]
INFO: [ app_begin ] --END-- [ RunTime:0.000500s ]
SQL: SHOW COLUMNS FROM `cz_news` [ RunTime:0.0030s ]
SQL: SELECT * FROM `cz_news`  [ RunTime:0.0010s ]

[ 2017-08-24T00:19:01+08:00 ] 192.168.199.129 /app/news.json
INFO: [ app_init ] --START--
INFO: Run Behavior\BuildLiteBehavior [ RunTime:0.000000s ]
INFO: [ app_init ] --END-- [ RunTime:0.001000s ]
INFO: [ app_begin ] --START--
INFO: Run Behavior\ReadHtmlCacheBehavior [ RunTime:0.001000s ]
INFO: [ app_begin ] --END-- [ RunTime:0.001000s ]
SQL: SHOW COLUMNS FROM `cz_news` [ RunTime:0.0035s ]
SQL: SELECT * FROM `cz_news`  [ RunTime:0.0020s ]

[ 2017-08-24T00:19:44+08:00 ] 192.168.199.129 /app/news.json
INFO: [ app_init ] --START--
INFO: Run Behavior\BuildLiteBehavior [ RunTime:0.000000s ]
INFO: [ app_init ] --END-- [ RunTime:0.000500s ]
INFO: [ app_begin ] --START--
INFO: Run Behavior\ReadHtmlCacheBehavior [ RunTime:0.000500s ]
INFO: [ app_begin ] --END-- [ RunTime:0.000500s ]
SQL: SHOW COLUMNS FROM `cz_news` [ RunTime:0.0035s ]
SQL: SELECT * FROM `cz_news`  [ RunTime:0.0015s ]

[ 2017-08-24T00:21:32+08:00 ] 192.168.199.129 /app/news.json
INFO: [ app_init ] --START--
INFO: Run Behavior\BuildLiteBehavior [ RunTime:0.000000s ]
INFO: [ app_init ] --END-- [ RunTime:0.000500s ]
INFO: [ app_begin ] --START--
INFO: Run Behavior\ReadHtmlCacheBehavior [ RunTime:0.001000s ]
INFO: [ app_begin ] --END-- [ RunTime:0.001000s ]
SQL: SHOW COLUMNS FROM `cz_news` [ RunTime:0.0035s ]
SQL: SELECT * FROM `cz_news`  [ RunTime:0.0010s ]

[ 2017-08-24T00:22:47+08:00 ] 192.168.199.129 /app/news.json
INFO: [ app_init ] --START--
INFO: Run Behavior\BuildLiteBehavior [ RunTime:0.000000s ]
INFO: [ app_init ] --END-- [ RunTime:0.000500s ]
INFO: [ app_begin ] --START--
INFO: Run Behavior\ReadHtmlCacheBehavior [ RunTime:0.001000s ]
INFO: [ app_begin ] --END-- [ RunTime:0.001000s ]
SQL: SHOW COLUMNS FROM `cz_news` [ RunTime:0.0045s ]
SQL: SELECT * FROM `cz_news`  [ RunTime:0.0015s ]

[ 2017-08-24T00:23:30+08:00 ] 192.168.199.129 /app/news.json
INFO: [ app_init ] --START--
INFO: Run Behavior\BuildLiteBehavior [ RunTime:0.000000s ]
INFO: [ app_init ] --END-- [ RunTime:0.001000s ]
INFO: [ app_begin ] --START--
INFO: Run Behavior\ReadHtmlCacheBehavior [ RunTime:0.000500s ]
INFO: [ app_begin ] --END-- [ RunTime:0.001500s ]
SQL: SHOW COLUMNS FROM `cz_news` [ RunTime:0.0035s ]
SQL: SELECT * FROM `cz_news`  [ RunTime:0.0010s ]

[ 2017-08-24T00:24:38+08:00 ] 192.168.199.129 /app/news.json
INFO: [ app_init ] --START--
INFO: Run Behavior\BuildLiteBehavior [ RunTime:0.000000s ]
INFO: [ app_init ] --END-- [ RunTime:0.000500s ]
INFO: [ app_begin ] --START--
INFO: Run Behavior\ReadHtmlCacheBehavior [ RunTime:0.000500s ]
INFO: [ app_begin ] --END-- [ RunTime:0.000500s ]
SQL: SHOW COLUMNS FROM `cz_news` [ RunTime:0.0035s ]
SQL: SELECT * FROM `cz_news`  [ RunTime:0.0015s ]

[ 2017-08-24T00:24:59+08:00 ] 192.168.199.129 /app/news.json
INFO: [ app_init ] --START--
INFO: Run Behavior\BuildLiteBehavior [ RunTime:0.000000s ]
INFO: [ app_init ] --END-- [ RunTime:0.000500s ]
INFO: [ app_begin ] --START--
INFO: Run Behavior\ReadHtmlCacheBehavior [ RunTime:0.000500s ]
INFO: [ app_begin ] --END-- [ RunTime:0.000500s ]
SQL: SHOW COLUMNS FROM `cz_news` [ RunTime:0.0035s ]
SQL: SELECT * FROM `cz_news`  [ RunTime:0.0010s ]

[ 2017-08-24T00:26:09+08:00 ] 192.168.199.129 /app/news.json
INFO: [ app_init ] --START--
INFO: Run Behavior\BuildLiteBehavior [ RunTime:0.000000s ]
INFO: [ app_init ] --END-- [ RunTime:0.001000s ]
INFO: [ app_begin ] --START--
INFO: Run Behavior\ReadHtmlCacheBehavior [ RunTime:0.001001s ]
INFO: [ app_begin ] --END-- [ RunTime:0.001001s ]
SQL: SHOW COLUMNS FROM `cz_news` [ RunTime:0.0035s ]
SQL: SELECT * FROM `cz_news`  [ RunTime:0.0015s ]

[ 2017-08-24T00:27:08+08:00 ] 192.168.199.129 /app/news.json
INFO: [ app_init ] --START--
INFO: Run Behavior\BuildLiteBehavior [ RunTime:0.000000s ]
INFO: [ app_init ] --END-- [ RunTime:0.000500s ]
INFO: [ app_begin ] --START--
INFO: Run Behavior\ReadHtmlCacheBehavior [ RunTime:0.001001s ]
INFO: [ app_begin ] --END-- [ RunTime:0.001001s ]
SQL: SHOW COLUMNS FROM `cz_news` [ RunTime:0.0040s ]
SQL: SELECT * FROM `cz_news`  [ RunTime:0.0015s ]

[ 2017-08-24T00:27:48+08:00 ] 192.168.199.129 /app/news.json
INFO: [ app_init ] --START--
INFO: Run Behavior\BuildLiteBehavior [ RunTime:0.000000s ]
INFO: [ app_init ] --END-- [ RunTime:0.000500s ]
INFO: [ app_begin ] --START--
INFO: Run Behavior\ReadHtmlCacheBehavior [ RunTime:0.000500s ]
INFO: [ app_begin ] --END-- [ RunTime:0.001000s ]
SQL: SHOW COLUMNS FROM `cz_news` [ RunTime:0.0060s ]
SQL: SELECT * FROM `cz_news`  [ RunTime:0.0010s ]

[ 2017-08-24T00:29:39+08:00 ] 192.168.199.129 /app/news.json
INFO: [ app_init ] --START--
INFO: Run Behavior\BuildLiteBehavior [ RunTime:0.000000s ]
INFO: [ app_init ] --END-- [ RunTime:0.000500s ]
INFO: [ app_begin ] --START--
INFO: Run Behavior\ReadHtmlCacheBehavior [ RunTime:0.001000s ]
INFO: [ app_begin ] --END-- [ RunTime:0.001000s ]
SQL: SHOW COLUMNS FROM `cz_news` [ RunTime:0.0045s ]
SQL: SELECT * FROM `cz_news`  [ RunTime:0.0020s ]

[ 2017-08-24T00:32:22+08:00 ] 192.168.199.129 /app/news.json
INFO: [ app_init ] --START--
INFO: Run Behavior\BuildLiteBehavior [ RunTime:0.000000s ]
INFO: [ app_init ] --END-- [ RunTime:0.000501s ]
INFO: [ app_begin ] --START--
INFO: Run Behavior\ReadHtmlCacheBehavior [ RunTime:0.001500s ]
INFO: [ app_begin ] --END-- [ RunTime:0.001500s ]
SQL: SHOW COLUMNS FROM `cz_news` [ RunTime:0.0040s ]
SQL: SELECT * FROM `cz_news`  [ RunTime:0.0020s ]

[ 2017-08-24T00:33:06+08:00 ] 192.168.199.129 /app/news.json
INFO: [ app_init ] --START--
INFO: Run Behavior\BuildLiteBehavior [ RunTime:0.000000s ]
INFO: [ app_init ] --END-- [ RunTime:0.000500s ]
INFO: [ app_begin ] --START--
INFO: Run Behavior\ReadHtmlCacheBehavior [ RunTime:0.001000s ]
INFO: [ app_begin ] --END-- [ RunTime:0.001000s ]
SQL: SHOW COLUMNS FROM `cz_news` [ RunTime:0.0040s ]
SQL: SELECT * FROM `cz_news`  [ RunTime:0.0010s ]

[ 2017-08-24T00:33:21+08:00 ] 192.168.199.129 /app/news.json
INFO: [ app_init ] --START--
INFO: Run Behavior\BuildLiteBehavior [ RunTime:0.000000s ]
INFO: [ app_init ] --END-- [ RunTime:0.000500s ]
INFO: [ app_begin ] --START--
INFO: Run Behavior\ReadHtmlCacheBehavior [ RunTime:0.001000s ]
INFO: [ app_begin ] --END-- [ RunTime:0.001000s ]
SQL: SHOW COLUMNS FROM `cz_news` [ RunTime:0.0060s ]
SQL: SELECT * FROM `cz_news`  [ RunTime:0.0005s ]

[ 2017-08-24T00:33:59+08:00 ] 192.168.199.129 /app/news.json
INFO: [ app_init ] --START--
INFO: Run Behavior\BuildLiteBehavior [ RunTime:0.000000s ]
INFO: [ app_init ] --END-- [ RunTime:0.000500s ]
INFO: [ app_begin ] --START--
INFO: Run Behavior\ReadHtmlCacheBehavior [ RunTime:0.001000s ]
INFO: [ app_begin ] --END-- [ RunTime:0.001000s ]
SQL: SHOW COLUMNS FROM `cz_news` [ RunTime:0.0025s ]
SQL: SELECT * FROM `cz_news`  [ RunTime:0.0010s ]

[ 2017-08-24T00:34:15+08:00 ] 192.168.199.129 /app/news.json
INFO: [ app_init ] --START--
INFO: Run Behavior\BuildLiteBehavior [ RunTime:0.000000s ]
INFO: [ app_init ] --END-- [ RunTime:0.000500s ]
INFO: [ app_begin ] --START--
INFO: Run Behavior\ReadHtmlCacheBehavior [ RunTime:0.001000s ]
INFO: [ app_begin ] --END-- [ RunTime:0.001000s ]
SQL: SHOW COLUMNS FROM `cz_news` [ RunTime:0.0045s ]
SQL: SELECT * FROM `cz_news`  [ RunTime:0.0015s ]

[ 2017-08-24T00:34:37+08:00 ] 192.168.199.129 /app/news.json
INFO: [ app_init ] --START--
INFO: Run Behavior\BuildLiteBehavior [ RunTime:0.000000s ]
INFO: [ app_init ] --END-- [ RunTime:0.001000s ]
INFO: [ app_begin ] --START--
INFO: Run Behavior\ReadHtmlCacheBehavior [ RunTime:0.001000s ]
INFO: [ app_begin ] --END-- [ RunTime:0.001000s ]
SQL: SHOW COLUMNS FROM `cz_news` [ RunTime:0.0040s ]
SQL: SELECT * FROM `cz_news`  [ RunTime:0.0015s ]

[ 2017-08-24T00:35:02+08:00 ] 192.168.199.129 /app/news.json
INFO: [ app_init ] --START--
INFO: Run Behavior\BuildLiteBehavior [ RunTime:0.000000s ]
INFO: [ app_init ] --END-- [ RunTime:0.000500s ]
INFO: [ app_begin ] --START--
INFO: Run Behavior\ReadHtmlCacheBehavior [ RunTime:0.001001s ]
INFO: [ app_begin ] --END-- [ RunTime:0.001001s ]
SQL: SHOW COLUMNS FROM `cz_news` [ RunTime:0.0045s ]
SQL: SELECT * FROM `cz_news`  [ RunTime:0.0015s ]

[ 2017-08-24T00:36:46+08:00 ] 192.168.199.129 /app/news.json
INFO: [ app_init ] --START--
INFO: Run Behavior\BuildLiteBehavior [ RunTime:0.000000s ]
INFO: [ app_init ] --END-- [ RunTime:0.000500s ]
INFO: [ app_begin ] --START--
INFO: Run Behavior\ReadHtmlCacheBehavior [ RunTime:0.001501s ]
INFO: [ app_begin ] --END-- [ RunTime:0.001501s ]
SQL: SHOW COLUMNS FROM `cz_news` [ RunTime:0.0035s ]
SQL: SELECT * FROM `cz_news`  [ RunTime:0.0015s ]

[ 2017-08-24T00:37:12+08:00 ] 192.168.199.129 /app/news.json
INFO: [ app_init ] --START--
INFO: Run Behavior\BuildLiteBehavior [ RunTime:0.000000s ]
INFO: [ app_init ] --END-- [ RunTime:0.000500s ]
INFO: [ app_begin ] --START--
INFO: Run Behavior\ReadHtmlCacheBehavior [ RunTime:0.001000s ]
INFO: [ app_begin ] --END-- [ RunTime:0.001000s ]
SQL: SHOW COLUMNS FROM `cz_news` [ RunTime:0.0045s ]
SQL: SELECT * FROM `cz_news`  [ RunTime:0.0020s ]

[ 2017-08-24T00:39:48+08:00 ] 192.168.199.129 /app/news.json
INFO: [ app_init ] --START--
INFO: Run Behavior\BuildLiteBehavior [ RunTime:0.000000s ]
INFO: [ app_init ] --END-- [ RunTime:0.000500s ]
INFO: [ app_begin ] --START--
INFO: Run Behavior\ReadHtmlCacheBehavior [ RunTime:0.001000s ]
INFO: [ app_begin ] --END-- [ RunTime:0.001000s ]
SQL: SHOW COLUMNS FROM `cz_news` [ RunTime:0.0050s ]
SQL: SELECT * FROM `cz_news`  [ RunTime:0.0015s ]

[ 2017-08-24T00:41:53+08:00 ] 192.168.199.129 /app/news.json
INFO: [ app_init ] --START--
INFO: Run Behavior\BuildLiteBehavior [ RunTime:0.000000s ]
INFO: [ app_init ] --END-- [ RunTime:0.000500s ]
INFO: [ app_begin ] --START--
INFO: Run Behavior\ReadHtmlCacheBehavior [ RunTime:0.001000s ]
INFO: [ app_begin ] --END-- [ RunTime:0.001000s ]
SQL: SHOW COLUMNS FROM `cz_news` [ RunTime:0.0035s ]
SQL: SELECT * FROM `cz_news`  [ RunTime:0.0015s ]

[ 2017-08-24T00:43:28+08:00 ] 192.168.199.129 /app/news.json
INFO: [ app_init ] --START--
INFO: Run Behavior\BuildLiteBehavior [ RunTime:0.000000s ]
INFO: [ app_init ] --END-- [ RunTime:0.000500s ]
INFO: [ app_begin ] --START--
INFO: Run Behavior\ReadHtmlCacheBehavior [ RunTime:0.000500s ]
INFO: [ app_begin ] --END-- [ RunTime:0.000500s ]
SQL: SHOW COLUMNS FROM `cz_news` [ RunTime:0.0025s ]
SQL: SELECT * FROM `cz_news`  [ RunTime:0.0015s ]

[ 2017-08-24T00:43:50+08:00 ] 192.168.199.129 /app/news.json
INFO: [ app_init ] --START--
INFO: Run Behavior\BuildLiteBehavior [ RunTime:0.000000s ]
INFO: [ app_init ] --END-- [ RunTime:0.000500s ]
INFO: [ app_begin ] --START--
INFO: Run Behavior\ReadHtmlCacheBehavior [ RunTime:0.000500s ]
INFO: [ app_begin ] --END-- [ RunTime:0.000500s ]
SQL: SHOW COLUMNS FROM `cz_news` [ RunTime:0.0065s ]
SQL: SELECT * FROM `cz_news`  [ RunTime:0.0005s ]

[ 2017-08-24T00:46:36+08:00 ] 192.168.199.129 /app/news.json
INFO: [ app_init ] --START--
INFO: Run Behavior\BuildLiteBehavior [ RunTime:0.000000s ]
INFO: [ app_init ] --END-- [ RunTime:0.000500s ]
INFO: [ app_begin ] --START--
INFO: Run Behavior\ReadHtmlCacheBehavior [ RunTime:0.000500s ]
INFO: [ app_begin ] --END-- [ RunTime:0.000500s ]
SQL: SHOW COLUMNS FROM `cz_news` [ RunTime:0.0030s ]
SQL: SELECT * FROM `cz_news`  [ RunTime:0.0010s ]

[ 2017-08-24T00:47:23+08:00 ] 192.168.199.129 /app/news.json
INFO: [ app_init ] --START--
INFO: Run Behavior\BuildLiteBehavior [ RunTime:0.000000s ]
INFO: [ app_init ] --END-- [ RunTime:0.000500s ]
INFO: [ app_begin ] --START--
INFO: Run Behavior\ReadHtmlCacheBehavior [ RunTime:0.001000s ]
INFO: [ app_begin ] --END-- [ RunTime:0.001000s ]
SQL: SHOW COLUMNS FROM `cz_news` [ RunTime:0.0035s ]
SQL: SELECT * FROM `cz_news`  [ RunTime:0.0015s ]

[ 2017-08-24T00:55:05+08:00 ] 192.168.199.129 /app/news.json?limit=1&skip=0
INFO: [ app_init ] --START--
INFO: Run Behavior\BuildLiteBehavior [ RunTime:0.000000s ]
INFO: [ app_init ] --END-- [ RunTime:0.000500s ]
INFO: [ app_begin ] --START--
INFO: Run Behavior\ReadHtmlCacheBehavior [ RunTime:0.000500s ]
INFO: [ app_begin ] --END-- [ RunTime:0.001000s ]
SQL: SHOW COLUMNS FROM `cz_news` [ RunTime:0.0025s ]
SQL: SELECT * FROM `cz_news`  [ RunTime:0.0015s ]

[ 2017-08-24T00:56:34+08:00 ] 192.168.199.129 /app/news.json?limit=1&skip=0
INFO: [ app_init ] --START--
INFO: Run Behavior\BuildLiteBehavior [ RunTime:0.000000s ]
INFO: [ app_init ] --END-- [ RunTime:0.001000s ]
INFO: [ app_begin ] --START--
INFO: Run Behavior\ReadHtmlCacheBehavior [ RunTime:0.001000s ]
INFO: [ app_begin ] --END-- [ RunTime:0.001000s ]
SQL: SHOW COLUMNS FROM `cz_news` [ RunTime:0.0025s ]
SQL: SELECT * FROM `cz_news` LIMIT 0,1   [ RunTime:0.0010s ]

[ 2017-08-24T00:57:25+08:00 ] 192.168.199.129 /app/news.json?limit=1&skip=0
INFO: [ app_init ] --START--
INFO: Run Behavior\BuildLiteBehavior [ RunTime:0.000000s ]
INFO: [ app_init ] --END-- [ RunTime:0.000500s ]
INFO: [ app_begin ] --START--
INFO: Run Behavior\ReadHtmlCacheBehavior [ RunTime:0.001500s ]
INFO: [ app_begin ] --END-- [ RunTime:0.001500s ]
SQL: SHOW COLUMNS FROM `cz_news` [ RunTime:0.0030s ]
SQL: SELECT * FROM `cz_news` LIMIT 0,1   [ RunTime:0.0015s ]

[ 2017-08-24T00:57:29+08:00 ] 192.168.199.129 /app/news.json?limit=1&skip=1
INFO: [ app_init ] --START--
INFO: Run Behavior\BuildLiteBehavior [ RunTime:0.000000s ]
INFO: [ app_init ] --END-- [ RunTime:0.000500s ]
INFO: [ app_begin ] --START--
INFO: Run Behavior\ReadHtmlCacheBehavior [ RunTime:0.000500s ]
INFO: [ app_begin ] --END-- [ RunTime:0.000500s ]
SQL: SHOW COLUMNS FROM `cz_news` [ RunTime:0.0030s ]
SQL: SELECT * FROM `cz_news` LIMIT 1,1   [ RunTime:0.0005s ]

[ 2017-08-24T11:02:52+08:00 ] 192.168.69.52 /index.php/App/News/index
INFO: [ app_init ] --START--
INFO: Run Behavior\BuildLiteBehavior [ RunTime:0.000000s ]
INFO: [ app_init ] --END-- [ RunTime:0.001000s ]
INFO: [ app_begin ] --START--
INFO: Run Behavior\ReadHtmlCacheBehavior [ RunTime:0.001000s ]
INFO: [ app_begin ] --END-- [ RunTime:0.001000s ]
SQL: SHOW COLUMNS FROM `cz_news` [ RunTime:0.0030s ]
SQL: SELECT * FROM `cz_news`  [ RunTime:0.0010s ]
INFO: [ app_end ] --START--
INFO: Run Behavior\ShowPageTraceBehavior [ RunTime:0.001000s ]
INFO: [ app_end ] --END-- [ RunTime:0.001000s ]

[ 2017-08-24T11:02:59+08:00 ] 192.168.69.52 /index.php/App/News/index
INFO: [ app_init ] --START--
INFO: Run Behavior\BuildLiteBehavior [ RunTime:0.000000s ]
INFO: [ app_init ] --END-- [ RunTime:0.000500s ]
INFO: [ app_begin ] --START--
INFO: Run Behavior\ReadHtmlCacheBehavior [ RunTime:0.000500s ]
INFO: [ app_begin ] --END-- [ RunTime:0.001000s ]
SQL: SHOW COLUMNS FROM `cz_news` [ RunTime:0.0025s ]
SQL: SELECT * FROM `cz_news`  [ RunTime:0.0010s ]
INFO: [ app_end ] --START--
INFO: Run Behavior\ShowPageTraceBehavior [ RunTime:0.000500s ]
INFO: [ app_end ] --END-- [ RunTime:0.000500s ]

[ 2017-08-24T11:03:02+08:00 ] 192.168.69.52 /index.php/App/News/index
INFO: [ app_init ] --START--
INFO: Run Behavior\BuildLiteBehavior [ RunTime:0.000000s ]
INFO: [ app_init ] --END-- [ RunTime:0.000500s ]
INFO: [ app_begin ] --START--
INFO: Run Behavior\ReadHtmlCacheBehavior [ RunTime:0.000500s ]
INFO: [ app_begin ] --END-- [ RunTime:0.000500s ]
SQL: SHOW COLUMNS FROM `cz_news` [ RunTime:0.0030s ]
SQL: SELECT * FROM `cz_news`  [ RunTime:0.0010s ]
INFO: [ app_end ] --START--
INFO: Run Behavior\ShowPageTraceBehavior [ RunTime:0.000500s ]
INFO: [ app_end ] --END-- [ RunTime:0.000500s ]

[ 2017-08-24T11:03:07+08:00 ] 192.168.69.52 /index.php/App/News/index
INFO: [ app_init ] --START--
INFO: Run Behavior\BuildLiteBehavior [ RunTime:0.000000s ]
INFO: [ app_init ] --END-- [ RunTime:0.000500s ]
INFO: [ app_begin ] --START--
INFO: Run Behavior\ReadHtmlCacheBehavior [ RunTime:0.000501s ]
INFO: [ app_begin ] --END-- [ RunTime:0.000501s ]
SQL: SHOW COLUMNS FROM `cz_news` [ RunTime:0.0025s ]
SQL: SELECT * FROM `cz_news`  [ RunTime:0.0015s ]
INFO: [ app_end ] --START--
INFO: Run Behavior\ShowPageTraceBehavior [ RunTime:0.001000s ]
INFO: [ app_end ] --END-- [ RunTime:0.001000s ]

[ 2017-08-24T11:08:46+08:00 ] 192.168.69.52 /App/News/index
INFO: [ app_init ] --START--
INFO: Run Behavior\BuildLiteBehavior [ RunTime:0.000000s ]
INFO: [ app_init ] --END-- [ RunTime:0.000500s ]
INFO: [ app_begin ] --START--
INFO: Run Behavior\ReadHtmlCacheBehavior [ RunTime:0.000500s ]
INFO: [ app_begin ] --END-- [ RunTime:0.000500s ]
SQL: SHOW COLUMNS FROM `cz_news` [ RunTime:0.0060s ]
SQL: SELECT * FROM `cz_news`  [ RunTime:0.0015s ]

[ 2017-08-24T11:23:28+08:00 ] 192.168.69.52 /App/News/index
INFO: [ app_init ] --START--
INFO: Run Behavior\BuildLiteBehavior [ RunTime:0.000000s ]
INFO: [ app_init ] --END-- [ RunTime:0.000500s ]
INFO: [ app_begin ] --START--
INFO: Run Behavior\ReadHtmlCacheBehavior [ RunTime:0.000500s ]
INFO: [ app_begin ] --END-- [ RunTime:0.000500s ]
SQL: SHOW COLUMNS FROM `cz_news` [ RunTime:0.0040s ]
SQL: SELECT * FROM `cz_news`  [ RunTime:0.0010s ]

[ 2017-08-24T11:33:54+08:00 ] 192.168.69.52 /App/News/index
INFO: [ app_init ] --START--
INFO: Run Behavior\BuildLiteBehavior [ RunTime:0.000000s ]
INFO: [ app_init ] --END-- [ RunTime:0.000500s ]
INFO: [ app_begin ] --START--
INFO: Run Behavior\ReadHtmlCacheBehavior [ RunTime:0.000500s ]
INFO: [ app_begin ] --END-- [ RunTime:0.001000s ]
SQL: SHOW COLUMNS FROM `cz_news` [ RunTime:0.0080s ]
SQL: SELECT * FROM `cz_news`  [ RunTime:0.0010s ]

[ 2017-08-24T11:39:06+08:00 ] 192.168.69.52 /App/News/index
INFO: [ app_init ] --START--
INFO: Run Behavior\BuildLiteBehavior [ RunTime:0.000000s ]
INFO: [ app_init ] --END-- [ RunTime:0.000500s ]
INFO: [ app_begin ] --START--
INFO: Run Behavior\ReadHtmlCacheBehavior [ RunTime:0.000500s ]
INFO: [ app_begin ] --END-- [ RunTime:0.000500s ]
SQL: SHOW COLUMNS FROM `cz_news` [ RunTime:0.0040s ]
SQL: SELECT * FROM `cz_news`  [ RunTime:0.0010s ]

[ 2017-08-24T11:45:19+08:00 ] 192.168.69.52 /App/News/index
INFO: [ app_init ] --START--
INFO: Run Behavior\BuildLiteBehavior [ RunTime:0.000000s ]
INFO: [ app_init ] --END-- [ RunTime:0.000501s ]
INFO: [ app_begin ] --START--
INFO: Run Behavior\ReadHtmlCacheBehavior [ RunTime:0.000500s ]
INFO: [ app_begin ] --END-- [ RunTime:0.000500s ]
SQL: SHOW COLUMNS FROM `cz_news` [ RunTime:0.0025s ]
SQL: SELECT * FROM `cz_news`  [ RunTime:0.0010s ]

[ 2017-08-24T11:51:33+08:00 ] 192.168.69.52 /App/News/index
INFO: [ app_init ] --START--
INFO: Run Behavior\BuildLiteBehavior [ RunTime:0.000000s ]
INFO: [ app_init ] --END-- [ RunTime:0.000500s ]
INFO: [ app_begin ] --START--
INFO: Run Behavior\ReadHtmlCacheBehavior [ RunTime:0.001000s ]
INFO: [ app_begin ] --END-- [ RunTime:0.001000s ]
SQL: SHOW COLUMNS FROM `cz_news` [ RunTime:0.0045s ]
SQL: SELECT * FROM `cz_news`  [ RunTime:0.0020s ]

[ 2017-08-24T11:52:42+08:00 ] 192.168.69.52 /App/News/index
INFO: [ app_init ] --START--
INFO: Run Behavior\BuildLiteBehavior [ RunTime:0.000000s ]
INFO: [ app_init ] --END-- [ RunTime:0.000500s ]
INFO: [ app_begin ] --START--
INFO: Run Behavior\ReadHtmlCacheBehavior [ RunTime:0.001501s ]
INFO: [ app_begin ] --END-- [ RunTime:0.001501s ]
SQL: SHOW COLUMNS FROM `cz_news` [ RunTime:0.0040s ]
SQL: SELECT * FROM `cz_news`  [ RunTime:0.0015s ]

[ 2017-08-24T11:54:09+08:00 ] 192.168.69.52 /App/News/index
INFO: [ app_init ] --START--
INFO: Run Behavior\BuildLiteBehavior [ RunTime:0.000500s ]
INFO: [ app_init ] --END-- [ RunTime:0.001000s ]
INFO: [ app_begin ] --START--
INFO: Run Behavior\ReadHtmlCacheBehavior [ RunTime:0.001500s ]
INFO: [ app_begin ] --END-- [ RunTime:0.001500s ]
SQL: SHOW COLUMNS FROM `cz_news` [ RunTime:0.0045s ]
SQL: SELECT * FROM `cz_news`  [ RunTime:0.0015s ]

[ 2017-08-24T11:55:11+08:00 ] 192.168.69.52 /App/News/index
INFO: [ app_init ] --START--
INFO: Run Behavior\BuildLiteBehavior [ RunTime:0.000000s ]
INFO: [ app_init ] --END-- [ RunTime:0.000500s ]
INFO: [ app_begin ] --START--
INFO: Run Behavior\ReadHtmlCacheBehavior [ RunTime:0.000500s ]
INFO: [ app_begin ] --END-- [ RunTime:0.001000s ]
SQL: SHOW COLUMNS FROM `cz_news` [ RunTime:0.0025s ]
SQL: SELECT * FROM `cz_news`  [ RunTime:0.0015s ]

[ 2017-08-24T13:28:51+08:00 ] 192.168.69.52 /App/News/index
INFO: [ app_init ] --START--
INFO: Run Behavior\BuildLiteBehavior [ RunTime:0.000000s ]
INFO: [ app_init ] --END-- [ RunTime:0.000501s ]
INFO: [ app_begin ] --START--
INFO: Run Behavior\ReadHtmlCacheBehavior [ RunTime:0.000500s ]
INFO: [ app_begin ] --END-- [ RunTime:0.001000s ]
SQL: SHOW COLUMNS FROM `cz_news` [ RunTime:0.0045s ]
SQL: SELECT * FROM `cz_news`  [ RunTime:0.0020s ]

[ 2017-08-24T13:29:13+08:00 ] 192.168.69.52 /App/News/index
INFO: [ app_init ] --START--
INFO: Run Behavior\BuildLiteBehavior [ RunTime:0.000000s ]
INFO: [ app_init ] --END-- [ RunTime:0.000500s ]
INFO: [ app_begin ] --START--
INFO: Run Behavior\ReadHtmlCacheBehavior [ RunTime:0.000500s ]
INFO: [ app_begin ] --END-- [ RunTime:0.000500s ]
SQL: SHOW COLUMNS FROM `cz_news` [ RunTime:0.0055s ]
SQL: SELECT * FROM `cz_news`  [ RunTime:0.0010s ]

[ 2017-08-24T13:35:44+08:00 ] 192.168.69.52 /App/News/index
INFO: [ app_init ] --START--
INFO: Run Behavior\BuildLiteBehavior [ RunTime:0.000000s ]
INFO: [ app_init ] --END-- [ RunTime:0.000500s ]
INFO: [ app_begin ] --START--
INFO: Run Behavior\ReadHtmlCacheBehavior [ RunTime:0.001000s ]
INFO: [ app_begin ] --END-- [ RunTime:0.001000s ]
SQL: SHOW COLUMNS FROM `cz_news` [ RunTime:0.0035s ]
SQL: SELECT * FROM `cz_news`  [ RunTime:0.0010s ]

[ 2017-08-24T13:37:38+08:00 ] 192.168.69.52 /App/News/index
INFO: [ app_init ] --START--
INFO: Run Behavior\BuildLiteBehavior [ RunTime:0.000000s ]
INFO: [ app_init ] --END-- [ RunTime:0.000500s ]
INFO: [ app_begin ] --START--
INFO: Run Behavior\ReadHtmlCacheBehavior [ RunTime:0.000500s ]
INFO: [ app_begin ] --END-- [ RunTime:0.000500s ]
SQL: SHOW COLUMNS FROM `cz_news` [ RunTime:0.0035s ]
SQL: SELECT * FROM `cz_news`  [ RunTime:0.0015s ]

[ 2017-08-24T13:38:08+08:00 ] 192.168.69.52 /App/News/index
INFO: [ app_init ] --START--
INFO: Run Behavior\BuildLiteBehavior [ RunTime:0.000000s ]
INFO: [ app_init ] --END-- [ RunTime:0.000500s ]
INFO: [ app_begin ] --START--
INFO: Run Behavior\ReadHtmlCacheBehavior [ RunTime:0.001000s ]
INFO: [ app_begin ] --END-- [ RunTime:0.001000s ]
SQL: SHOW COLUMNS FROM `cz_news` [ RunTime:0.0030s ]
SQL: SELECT * FROM `cz_news`  [ RunTime:0.0020s ]

[ 2017-08-24T13:39:10+08:00 ] 192.168.69.52 /App/News/index
INFO: [ app_init ] --START--
INFO: Run Behavior\BuildLiteBehavior [ RunTime:0.000000s ]
INFO: [ app_init ] --END-- [ RunTime:0.000500s ]
INFO: [ app_begin ] --START--
INFO: Run Behavior\ReadHtmlCacheBehavior [ RunTime:0.001000s ]
INFO: [ app_begin ] --END-- [ RunTime:0.001000s ]
SQL: SHOW COLUMNS FROM `cz_news` [ RunTime:0.0060s ]
SQL: SELECT * FROM `cz_news`  [ RunTime:0.0005s ]

[ 2017-08-24T13:39:33+08:00 ] 192.168.69.52 /App/News/index
INFO: [ app_init ] --START--
INFO: Run Behavior\BuildLiteBehavior [ RunTime:0.000000s ]
INFO: [ app_init ] --END-- [ RunTime:0.000500s ]
INFO: [ app_begin ] --START--
INFO: Run Behavior\ReadHtmlCacheBehavior [ RunTime:0.001000s ]
INFO: [ app_begin ] --END-- [ RunTime:0.001000s ]
SQL: SHOW COLUMNS FROM `cz_news` [ RunTime:0.0035s ]
SQL: SELECT * FROM `cz_news`  [ RunTime:0.0020s ]

[ 2017-08-24T13:42:13+08:00 ] 192.168.69.52 /App/News/index
INFO: [ app_init ] --START--
INFO: Run Behavior\BuildLiteBehavior [ RunTime:0.000000s ]
INFO: [ app_init ] --END-- [ RunTime:0.000500s ]
INFO: [ app_begin ] --START--
INFO: Run Behavior\ReadHtmlCacheBehavior [ RunTime:0.001000s ]
INFO: [ app_begin ] --END-- [ RunTime:0.001000s ]
SQL: SHOW COLUMNS FROM `cz_news` [ RunTime:0.0045s ]
SQL: SELECT * FROM `cz_news`  [ RunTime:0.0015s ]

[ 2017-08-24T13:42:49+08:00 ] 192.168.69.52 /App/News/index
INFO: [ app_init ] --START--
INFO: Run Behavior\BuildLiteBehavior [ RunTime:0.000000s ]
INFO: [ app_init ] --END-- [ RunTime:0.000500s ]
INFO: [ app_begin ] --START--
INFO: Run Behavior\ReadHtmlCacheBehavior [ RunTime:0.001500s ]
INFO: [ app_begin ] --END-- [ RunTime:0.001500s ]
SQL: SHOW COLUMNS FROM `cz_news` [ RunTime:0.0045s ]
SQL: SELECT * FROM `cz_news`  [ RunTime:0.0020s ]

[ 2017-08-24T13:43:38+08:00 ] 192.168.69.52 /App/News/index
INFO: [ app_init ] --START--
INFO: Run Behavior\BuildLiteBehavior [ RunTime:0.000000s ]
INFO: [ app_init ] --END-- [ RunTime:0.000500s ]
INFO: [ app_begin ] --START--
INFO: Run Behavior\ReadHtmlCacheBehavior [ RunTime:0.000500s ]
INFO: [ app_begin ] --END-- [ RunTime:0.000500s ]
SQL: SHOW COLUMNS FROM `cz_news` [ RunTime:0.0050s ]
SQL: SELECT * FROM `cz_news`  [ RunTime:0.0015s ]

[ 2017-08-24T13:44:15+08:00 ] 192.168.69.52 /App/News/index
INFO: [ app_init ] --START--
INFO: Run Behavior\BuildLiteBehavior [ RunTime:0.000000s ]
INFO: [ app_init ] --END-- [ RunTime:0.000500s ]
INFO: [ app_begin ] --START--
INFO: Run Behavior\ReadHtmlCacheBehavior [ RunTime:0.000500s ]
INFO: [ app_begin ] --END-- [ RunTime:0.001000s ]
SQL: SHOW COLUMNS FROM `cz_news` [ RunTime:0.0030s ]
SQL: SELECT * FROM `cz_news`  [ RunTime:0.0010s ]

[ 2017-08-24T13:45:22+08:00 ] 192.168.69.52 /App/News/index
INFO: [ app_init ] --START--
INFO: Run Behavior\BuildLiteBehavior [ RunTime:0.000000s ]
INFO: [ app_init ] --END-- [ RunTime:0.000500s ]
INFO: [ app_begin ] --START--
INFO: Run Behavior\ReadHtmlCacheBehavior [ RunTime:0.001000s ]
INFO: [ app_begin ] --END-- [ RunTime:0.001000s ]
SQL: SHOW COLUMNS FROM `cz_news` [ RunTime:0.0030s ]
SQL: SELECT * FROM `cz_news`  [ RunTime:0.0010s ]

[ 2017-08-24T13:46:17+08:00 ] 192.168.69.52 /App/News/index
INFO: [ app_init ] --START--
INFO: Run Behavior\BuildLiteBehavior [ RunTime:0.000000s ]
INFO: [ app_init ] --END-- [ RunTime:0.000500s ]
INFO: [ app_begin ] --START--
INFO: Run Behavior\ReadHtmlCacheBehavior [ RunTime:0.001000s ]
INFO: [ app_begin ] --END-- [ RunTime:0.001000s ]
SQL: SHOW COLUMNS FROM `cz_news` [ RunTime:0.0030s ]
SQL: SELECT * FROM `cz_news`  [ RunTime:0.0010s ]

[ 2017-08-24T13:46:39+08:00 ] 192.168.69.52 /App/News/index
INFO: [ app_init ] --START--
INFO: Run Behavior\BuildLiteBehavior [ RunTime:0.000000s ]
INFO: [ app_init ] --END-- [ RunTime:0.000500s ]
INFO: [ app_begin ] --START--
INFO: Run Behavior\ReadHtmlCacheBehavior [ RunTime:0.001000s ]
INFO: [ app_begin ] --END-- [ RunTime:0.001000s ]
SQL: SHOW COLUMNS FROM `cz_news` [ RunTime:0.0040s ]
SQL: SELECT * FROM `cz_news`  [ RunTime:0.0015s ]

[ 2017-08-24T13:52:17+08:00 ] 192.168.69.52 /App/News/index
INFO: [ app_init ] --START--
INFO: Run Behavior\BuildLiteBehavior [ RunTime:0.000000s ]
INFO: [ app_init ] --END-- [ RunTime:0.000500s ]
INFO: [ app_begin ] --START--
INFO: Run Behavior\ReadHtmlCacheBehavior [ RunTime:0.001000s ]
INFO: [ app_begin ] --END-- [ RunTime:0.001500s ]
SQL: SHOW COLUMNS FROM `cz_news` [ RunTime:0.0035s ]
SQL: SELECT * FROM `cz_news`  [ RunTime:0.0015s ]

[ 2017-08-24T13:52:30+08:00 ] 192.168.69.52 /App/News/index
INFO: [ app_init ] --START--
INFO: Run Behavior\BuildLiteBehavior [ RunTime:0.000000s ]
INFO: [ app_init ] --END-- [ RunTime:0.001000s ]
INFO: [ app_begin ] --START--
INFO: Run Behavior\ReadHtmlCacheBehavior [ RunTime:0.001000s ]
INFO: [ app_begin ] --END-- [ RunTime:0.001000s ]
SQL: SHOW COLUMNS FROM `cz_news` [ RunTime:0.0025s ]
SQL: SELECT * FROM `cz_news`  [ RunTime:0.0010s ]

[ 2017-08-24T13:52:32+08:00 ] 192.168.69.52 /App/News/index
INFO: [ app_init ] --START--
INFO: Run Behavior\BuildLiteBehavior [ RunTime:0.000000s ]
INFO: [ app_init ] --END-- [ RunTime:0.000500s ]
INFO: [ app_begin ] --START--
INFO: Run Behavior\ReadHtmlCacheBehavior [ RunTime:0.001000s ]
INFO: [ app_begin ] --END-- [ RunTime:0.001000s ]
SQL: SHOW COLUMNS FROM `cz_news` [ RunTime:0.0025s ]
SQL: SELECT * FROM `cz_news`  [ RunTime:0.0010s ]

[ 2017-08-24T13:52:33+08:00 ] 192.168.69.52 /App/News/index
INFO: [ app_init ] --START--
INFO: Run Behavior\BuildLiteBehavior [ RunTime:0.000000s ]
INFO: [ app_init ] --END-- [ RunTime:0.000500s ]
INFO: [ app_begin ] --START--
INFO: Run Behavior\ReadHtmlCacheBehavior [ RunTime:0.001000s ]
INFO: [ app_begin ] --END-- [ RunTime:0.001000s ]
SQL: SHOW COLUMNS FROM `cz_news` [ RunTime:0.0025s ]
SQL: SELECT * FROM `cz_news`  [ RunTime:0.0010s ]

[ 2017-08-24T13:53:49+08:00 ] 192.168.69.52 /App/News/index?limit=1&skip=0
INFO: [ app_init ] --START--
INFO: Run Behavior\BuildLiteBehavior [ RunTime:0.000000s ]
INFO: [ app_init ] --END-- [ RunTime:0.000500s ]
INFO: [ app_begin ] --START--
INFO: Run Behavior\ReadHtmlCacheBehavior [ RunTime:0.001000s ]
INFO: [ app_begin ] --END-- [ RunTime:0.001000s ]
SQL: SHOW COLUMNS FROM `cz_news` [ RunTime:0.0045s ]
SQL: SELECT * FROM `cz_news` LIMIT 0,1   [ RunTime:0.0015s ]

[ 2017-08-24T13:53:56+08:00 ] 192.168.69.52 /App/News/index?limit=1&skip=1
INFO: [ app_init ] --START--
INFO: Run Behavior\BuildLiteBehavior [ RunTime:0.000000s ]
INFO: [ app_init ] --END-- [ RunTime:0.000500s ]
INFO: [ app_begin ] --START--
INFO: Run Behavior\ReadHtmlCacheBehavior [ RunTime:0.001000s ]
INFO: [ app_begin ] --END-- [ RunTime:0.001000s ]
SQL: SHOW COLUMNS FROM `cz_news` [ RunTime:0.0030s ]
SQL: SELECT * FROM `cz_news` LIMIT 1,1   [ RunTime:0.0010s ]

[ 2017-08-24T13:53:57+08:00 ] 192.168.69.52 /App/News/index?limit=1&skip=2
INFO: [ app_init ] --START--
INFO: Run Behavior\BuildLiteBehavior [ RunTime:0.000000s ]
INFO: [ app_init ] --END-- [ RunTime:0.000500s ]
INFO: [ app_begin ] --START--
INFO: Run Behavior\ReadHtmlCacheBehavior [ RunTime:0.000500s ]
INFO: [ app_begin ] --END-- [ RunTime:0.000500s ]
SQL: SHOW COLUMNS FROM `cz_news` [ RunTime:0.0040s ]
SQL: SELECT * FROM `cz_news` LIMIT 2,1   [ RunTime:0.0015s ]

[ 2017-08-24T13:53:59+08:00 ] 192.168.69.52 /App/News/index?limit=1&skip=3
INFO: [ app_init ] --START--
INFO: Run Behavior\BuildLiteBehavior [ RunTime:0.000000s ]
INFO: [ app_init ] --END-- [ RunTime:0.000000s ]
INFO: [ app_begin ] --START--
INFO: Run Behavior\ReadHtmlCacheBehavior [ RunTime:0.000500s ]
INFO: [ app_begin ] --END-- [ RunTime:0.000500s ]
SQL: SHOW COLUMNS FROM `cz_news` [ RunTime:0.0030s ]
SQL: SELECT * FROM `cz_news` LIMIT 3,1   [ RunTime:0.0010s ]

[ 2017-08-24T14:01:55+08:00 ] 192.168.69.52 /App/News/index?limit=1&skip=0
INFO: [ app_init ] --START--
INFO: Run Behavior\BuildLiteBehavior [ RunTime:0.000000s ]
INFO: [ app_init ] --END-- [ RunTime:0.000500s ]
INFO: [ app_begin ] --START--
INFO: Run Behavior\ReadHtmlCacheBehavior [ RunTime:0.001000s ]
INFO: [ app_begin ] --END-- [ RunTime:0.001000s ]
SQL: SHOW COLUMNS FROM `cz_news` [ RunTime:0.0040s ]
SQL: SELECT * FROM `cz_news` LIMIT 0,1   [ RunTime:0.0015s ]

[ 2017-08-24T14:02:01+08:00 ] 192.168.69.52 /App/News/index?limit=1&skip=1
INFO: [ app_init ] --START--
INFO: Run Behavior\BuildLiteBehavior [ RunTime:0.000000s ]
INFO: [ app_init ] --END-- [ RunTime:0.000500s ]
INFO: [ app_begin ] --START--
INFO: Run Behavior\ReadHtmlCacheBehavior [ RunTime:0.000500s ]
INFO: [ app_begin ] --END-- [ RunTime:0.000500s ]
SQL: SHOW COLUMNS FROM `cz_news` [ RunTime:0.0035s ]
SQL: SELECT * FROM `cz_news` LIMIT 1,1   [ RunTime:0.0010s ]

[ 2017-08-24T14:02:02+08:00 ] 192.168.69.52 /App/News/index?limit=1&skip=2
INFO: [ app_init ] --START--
INFO: Run Behavior\BuildLiteBehavior [ RunTime:0.000000s ]
INFO: [ app_init ] --END-- [ RunTime:0.000501s ]
INFO: [ app_begin ] --START--
INFO: Run Behavior\ReadHtmlCacheBehavior [ RunTime:0.001000s ]
INFO: [ app_begin ] --END-- [ RunTime:0.001000s ]
SQL: SHOW COLUMNS FROM `cz_news` [ RunTime:0.0025s ]
SQL: SELECT * FROM `cz_news` LIMIT 2,1   [ RunTime:0.0015s ]

[ 2017-08-24T14:10:49+08:00 ] 192.168.69.52 /App/News/index
INFO: [ app_init ] --START--
INFO: Run Behavior\BuildLiteBehavior [ RunTime:0.000000s ]
INFO: [ app_init ] --END-- [ RunTime:0.000500s ]
INFO: [ app_begin ] --START--
INFO: Run Behavior\ReadHtmlCacheBehavior [ RunTime:0.000500s ]
INFO: [ app_begin ] --END-- [ RunTime:0.000500s ]
SQL: SHOW COLUMNS FROM `cz_news` [ RunTime:0.0045s ]
SQL: SELECT * FROM `cz_news`  [ RunTime:0.0025s ]

[ 2017-08-24T14:46:20+08:00 ] 192.168.69.52 /App/News/index
INFO: [ app_init ] --START--
INFO: Run Behavior\BuildLiteBehavior [ RunTime:0.000000s ]
INFO: [ app_init ] --END-- [ RunTime:0.000500s ]
INFO: [ app_begin ] --START--
INFO: Run Behavior\ReadHtmlCacheBehavior [ RunTime:0.001000s ]
INFO: [ app_begin ] --END-- [ RunTime:0.001000s ]
SQL: SHOW COLUMNS FROM `cz_news` [ RunTime:0.0055s ]
SQL: SELECT * FROM `cz_news`  [ RunTime:0.0015s ]

[ 2017-08-24T14:53:24+08:00 ] 192.168.69.52 /App/News/index
INFO: [ app_init ] --START--
INFO: Run Behavior\BuildLiteBehavior [ RunTime:0.000000s ]
INFO: [ app_init ] --END-- [ RunTime:0.001000s ]
INFO: [ app_begin ] --START--
INFO: Run Behavior\ReadHtmlCacheBehavior [ RunTime:0.001500s ]
INFO: [ app_begin ] --END-- [ RunTime:0.001500s ]
SQL: SHOW COLUMNS FROM `cz_news` [ RunTime:0.0035s ]
SQL: SELECT * FROM `cz_news`  [ RunTime:0.0010s ]

[ 2017-08-24T15:00:15+08:00 ] 192.168.69.52 /App/News/index
INFO: [ app_init ] --START--
INFO: Run Behavior\BuildLiteBehavior [ RunTime:0.000500s ]
INFO: [ app_init ] --END-- [ RunTime:0.001000s ]
INFO: [ app_begin ] --START--
INFO: Run Behavior\ReadHtmlCacheBehavior [ RunTime:0.000500s ]
INFO: [ app_begin ] --END-- [ RunTime:0.000500s ]
SQL: SHOW COLUMNS FROM `cz_news` [ RunTime:0.0025s ]
SQL: SELECT * FROM `cz_news`  [ RunTime:0.0010s ]

[ 2017-08-24T15:13:53+08:00 ] 192.168.69.52 /App/News/index
INFO: [ app_init ] --START--
INFO: Run Behavior\BuildLiteBehavior [ RunTime:0.000000s ]
INFO: [ app_init ] --END-- [ RunTime:0.000500s ]
INFO: [ app_begin ] --START--
INFO: Run Behavior\ReadHtmlCacheBehavior [ RunTime:0.000501s ]
INFO: [ app_begin ] --END-- [ RunTime:0.001001s ]
SQL: SHOW COLUMNS FROM `cz_news` [ RunTime:0.0050s ]
SQL: SELECT * FROM `cz_news`  [ RunTime:0.0010s ]

[ 2017-08-24T15:14:46+08:00 ] 192.168.69.52 /App/News/index
INFO: [ app_init ] --START--
INFO: Run Behavior\BuildLiteBehavior [ RunTime:0.000000s ]
INFO: [ app_init ] --END-- [ RunTime:0.000500s ]
INFO: [ app_begin ] --START--
INFO: Run Behavior\ReadHtmlCacheBehavior [ RunTime:0.001001s ]
INFO: [ app_begin ] --END-- [ RunTime:0.001001s ]
SQL: SHOW COLUMNS FROM `cz_news` [ RunTime:0.0035s ]
SQL: SELECT * FROM `cz_news`  [ RunTime:0.0015s ]

[ 2017-08-24T15:15:43+08:00 ] 192.168.69.52 /App/News/index
INFO: [ app_init ] --START--
INFO: Run Behavior\BuildLiteBehavior [ RunTime:0.000000s ]
INFO: [ app_init ] --END-- [ RunTime:0.001000s ]
INFO: [ app_begin ] --START--
INFO: Run Behavior\ReadHtmlCacheBehavior [ RunTime:0.001000s ]
INFO: [ app_begin ] --END-- [ RunTime:0.001000s ]
SQL: SHOW COLUMNS FROM `cz_news` [ RunTime:0.0045s ]
SQL: SELECT * FROM `cz_news`  [ RunTime:0.0020s ]

[ 2017-08-24T15:16:35+08:00 ] 192.168.69.52 /App/News/index
INFO: [ app_init ] --START--
INFO: Run Behavior\BuildLiteBehavior [ RunTime:0.000000s ]
INFO: [ app_init ] --END-- [ RunTime:0.000500s ]
INFO: [ app_begin ] --START--
INFO: Run Behavior\ReadHtmlCacheBehavior [ RunTime:0.000501s ]
INFO: [ app_begin ] --END-- [ RunTime:0.000501s ]
SQL: SHOW COLUMNS FROM `cz_news` [ RunTime:0.0035s ]
SQL: SELECT * FROM `cz_news`  [ RunTime:0.0020s ]

[ 2017-08-24T15:17:48+08:00 ] 192.168.69.52 /App/News/index
INFO: [ app_init ] --START--
INFO: Run Behavior\BuildLiteBehavior [ RunTime:0.000000s ]
INFO: [ app_init ] --END-- [ RunTime:0.000501s ]
INFO: [ app_begin ] --START--
INFO: Run Behavior\ReadHtmlCacheBehavior [ RunTime:0.001000s ]
INFO: [ app_begin ] --END-- [ RunTime:0.001000s ]
SQL: SHOW COLUMNS FROM `cz_news` [ RunTime:0.0025s ]
SQL: SELECT * FROM `cz_news`  [ RunTime:0.0010s ]

[ 2017-08-24T15:18:56+08:00 ] 192.168.69.52 /App/News/index
INFO: [ app_init ] --START--
INFO: Run Behavior\BuildLiteBehavior [ RunTime:0.000000s ]
INFO: [ app_init ] --END-- [ RunTime:0.000500s ]
INFO: [ app_begin ] --START--
INFO: Run Behavior\ReadHtmlCacheBehavior [ RunTime:0.000500s ]
INFO: [ app_begin ] --END-- [ RunTime:0.000500s ]
SQL: SHOW COLUMNS FROM `cz_news` [ RunTime:0.0030s ]
SQL: SELECT * FROM `cz_news`  [ RunTime:0.0010s ]

[ 2017-08-24T15:19:54+08:00 ] 192.168.69.52 /App/News/index
INFO: [ app_init ] --START--
INFO: Run Behavior\BuildLiteBehavior [ RunTime:0.000500s ]
INFO: [ app_init ] --END-- [ RunTime:0.000500s ]
INFO: [ app_begin ] --START--
INFO: Run Behavior\ReadHtmlCacheBehavior [ RunTime:0.000501s ]
INFO: [ app_begin ] --END-- [ RunTime:0.000501s ]
SQL: SHOW COLUMNS FROM `cz_news` [ RunTime:0.0025s ]
SQL: SELECT * FROM `cz_news`  [ RunTime:0.0010s ]

[ 2017-08-24T15:20:30+08:00 ] 192.168.69.52 /App/News/index
INFO: [ app_init ] --START--
INFO: Run Behavior\BuildLiteBehavior [ RunTime:0.000000s ]
INFO: [ app_init ] --END-- [ RunTime:0.000500s ]
INFO: [ app_begin ] --START--
INFO: Run Behavior\ReadHtmlCacheBehavior [ RunTime:0.001000s ]
INFO: [ app_begin ] --END-- [ RunTime:0.001000s ]
SQL: SHOW COLUMNS FROM `cz_news` [ RunTime:0.0040s ]
SQL: SELECT * FROM `cz_news`  [ RunTime:0.0015s ]

[ 2017-08-24T15:31:55+08:00 ] 192.168.69.52 /App/News/index
INFO: [ app_init ] --START--
INFO: Run Behavior\BuildLiteBehavior [ RunTime:0.000000s ]
INFO: [ app_init ] --END-- [ RunTime:0.000500s ]
INFO: [ app_begin ] --START--
INFO: Run Behavior\ReadHtmlCacheBehavior [ RunTime:0.000500s ]
INFO: [ app_begin ] --END-- [ RunTime:0.000500s ]
SQL: SHOW COLUMNS FROM `cz_news` [ RunTime:0.0040s ]
SQL: SELECT * FROM `cz_news`  [ RunTime:0.0010s ]

[ 2017-08-24T15:32:41+08:00 ] 192.168.69.52 /App/News/index
INFO: [ app_init ] --START--
INFO: Run Behavior\BuildLiteBehavior [ RunTime:0.000000s ]
INFO: [ app_init ] --END-- [ RunTime:0.000500s ]
INFO: [ app_begin ] --START--
INFO: Run Behavior\ReadHtmlCacheBehavior [ RunTime:0.001500s ]
INFO: [ app_begin ] --END-- [ RunTime:0.001500s ]
SQL: SHOW COLUMNS FROM `cz_news` [ RunTime:0.0060s ]
SQL: SELECT * FROM `cz_news`  [ RunTime:0.0015s ]

[ 2017-08-24T15:34:08+08:00 ] 192.168.69.52 /App/News/index
INFO: [ app_init ] --START--
INFO: Run Behavior\BuildLiteBehavior [ RunTime:0.000000s ]
INFO: [ app_init ] --END-- [ RunTime:0.000500s ]
INFO: [ app_begin ] --START--
INFO: Run Behavior\ReadHtmlCacheBehavior [ RunTime:0.001000s ]
INFO: [ app_begin ] --END-- [ RunTime:0.001000s ]
SQL: SHOW COLUMNS FROM `cz_news` [ RunTime:0.0045s ]
SQL: SELECT * FROM `cz_news`  [ RunTime:0.0020s ]

[ 2017-08-24T15:35:59+08:00 ] 192.168.69.52 /App/News/index
INFO: [ app_init ] --START--
INFO: Run Behavior\BuildLiteBehavior [ RunTime:0.000000s ]
INFO: [ app_init ] --END-- [ RunTime:0.000500s ]
INFO: [ app_begin ] --START--
INFO: Run Behavior\ReadHtmlCacheBehavior [ RunTime:0.001001s ]
INFO: [ app_begin ] --END-- [ RunTime:0.001001s ]
SQL: SHOW COLUMNS FROM `cz_news` [ RunTime:0.0035s ]
SQL: SELECT * FROM `cz_news`  [ RunTime:0.0015s ]

[ 2017-08-24T15:36:35+08:00 ] 192.168.69.52 /App/News/index
INFO: [ app_init ] --START--
INFO: Run Behavior\BuildLiteBehavior [ RunTime:0.000000s ]
INFO: [ app_init ] --END-- [ RunTime:0.001001s ]
INFO: [ app_begin ] --START--
INFO: Run Behavior\ReadHtmlCacheBehavior [ RunTime:0.001000s ]
INFO: [ app_begin ] --END-- [ RunTime:0.001000s ]
SQL: SHOW COLUMNS FROM `cz_news` [ RunTime:0.0035s ]
SQL: SELECT * FROM `cz_news`  [ RunTime:0.0025s ]

[ 2017-08-24T15:56:39+08:00 ] 192.168.69.52 /App/News/index
INFO: [ app_init ] --START--
INFO: Run Behavior\BuildLiteBehavior [ RunTime:0.000000s ]
INFO: [ app_init ] --END-- [ RunTime:0.000501s ]
INFO: [ app_begin ] --START--
INFO: Run Behavior\ReadHtmlCacheBehavior [ RunTime:0.000500s ]
INFO: [ app_begin ] --END-- [ RunTime:0.000500s ]
SQL: SHOW COLUMNS FROM `cz_news` [ RunTime:0.0025s ]
SQL: SELECT * FROM `cz_news`  [ RunTime:0.0010s ]

[ 2017-08-24T16:02:35+08:00 ] 192.168.69.52 /App/News/index
INFO: [ app_init ] --START--
INFO: Run Behavior\BuildLiteBehavior [ RunTime:0.000000s ]
INFO: [ app_init ] --END-- [ RunTime:0.001000s ]
INFO: [ app_begin ] --START--
INFO: Run Behavior\ReadHtmlCacheBehavior [ RunTime:0.002001s ]
INFO: [ app_begin ] --END-- [ RunTime:0.002001s ]
SQL: SHOW COLUMNS FROM `cz_news` [ RunTime:0.0045s ]
SQL: SELECT * FROM `cz_news`  [ RunTime:0.0015s ]

[ 2017-08-24T16:03:22+08:00 ] 192.168.69.52 /App/News/index
INFO: [ app_init ] --START--
INFO: Run Behavior\BuildLiteBehavior [ RunTime:0.000000s ]
INFO: [ app_init ] --END-- [ RunTime:0.000500s ]
INFO: [ app_begin ] --START--
INFO: Run Behavior\ReadHtmlCacheBehavior [ RunTime:0.001000s ]
INFO: [ app_begin ] --END-- [ RunTime:0.001000s ]
SQL: SHOW COLUMNS FROM `cz_news` [ RunTime:0.0050s ]
SQL: SELECT * FROM `cz_news`  [ RunTime:0.0055s ]

[ 2017-08-24T16:05:46+08:00 ] 192.168.69.52 /App/News/index
INFO: [ app_init ] --START--
INFO: Run Behavior\BuildLiteBehavior [ RunTime:0.000000s ]
INFO: [ app_init ] --END-- [ RunTime:0.000500s ]
INFO: [ app_begin ] --START--
INFO: Run Behavior\ReadHtmlCacheBehavior [ RunTime:0.000500s ]
INFO: [ app_begin ] --END-- [ RunTime:0.000500s ]
SQL: SHOW COLUMNS FROM `cz_news` [ RunTime:0.0025s ]
SQL: SELECT * FROM `cz_news`  [ RunTime:0.0005s ]

[ 2017-08-24T16:13:57+08:00 ] 192.168.69.52 /App/News/index
INFO: [ app_init ] --START--
INFO: Run Behavior\BuildLiteBehavior [ RunTime:0.000000s ]
INFO: [ app_init ] --END-- [ RunTime:0.000000s ]
INFO: [ app_begin ] --START--
INFO: Run Behavior\ReadHtmlCacheBehavior [ RunTime:0.001000s ]
INFO: [ app_begin ] --END-- [ RunTime:0.001000s ]
SQL: SHOW COLUMNS FROM `cz_news` [ RunTime:0.0030s ]
SQL: SELECT * FROM `cz_news`  [ RunTime:0.0010s ]

[ 2017-08-24T16:15:20+08:00 ] 192.168.69.52 /App/News/index
INFO: [ app_init ] --START--
INFO: Run Behavior\BuildLiteBehavior [ RunTime:0.000000s ]
INFO: [ app_init ] --END-- [ RunTime:0.000500s ]
INFO: [ app_begin ] --START--
INFO: Run Behavior\ReadHtmlCacheBehavior [ RunTime:0.000500s ]
INFO: [ app_begin ] --END-- [ RunTime:0.001000s ]
SQL: SHOW COLUMNS FROM `cz_news` [ RunTime:0.0040s ]
SQL: SELECT * FROM `cz_news`  [ RunTime:0.0015s ]

[ 2017-08-24T16:25:31+08:00 ] 192.168.69.52 /App/News/index
INFO: [ app_init ] --START--
INFO: Run Behavior\BuildLiteBehavior [ RunTime:0.000500s ]
INFO: [ app_init ] --END-- [ RunTime:0.001000s ]
INFO: [ app_begin ] --START--
INFO: Run Behavior\ReadHtmlCacheBehavior [ RunTime:0.001001s ]
INFO: [ app_begin ] --END-- [ RunTime:0.001001s ]
SQL: SHOW COLUMNS FROM `cz_news` [ RunTime:0.0030s ]
SQL: SELECT * FROM `cz_news`  [ RunTime:0.0020s ]

[ 2017-08-24T16:27:58+08:00 ] 192.168.69.52 /App/News/index
INFO: [ app_init ] --START--
INFO: Run Behavior\BuildLiteBehavior [ RunTime:0.000000s ]
INFO: [ app_init ] --END-- [ RunTime:0.000501s ]
INFO: [ app_begin ] --START--
INFO: Run Behavior\ReadHtmlCacheBehavior [ RunTime:0.001000s ]
INFO: [ app_begin ] --END-- [ RunTime:0.001000s ]
SQL: SHOW COLUMNS FROM `cz_news` [ RunTime:0.0045s ]
SQL: SELECT * FROM `cz_news`  [ RunTime:0.0015s ]

[ 2017-08-24T16:40:00+08:00 ] 192.168.69.52 /App/News/index?limit=1&skip=0
INFO: [ app_init ] --START--
INFO: Run Behavior\BuildLiteBehavior [ RunTime:0.000000s ]
INFO: [ app_init ] --END-- [ RunTime:0.000500s ]
INFO: [ app_begin ] --START--
INFO: Run Behavior\ReadHtmlCacheBehavior [ RunTime:0.000500s ]
INFO: [ app_begin ] --END-- [ RunTime:0.000500s ]
SQL: SHOW COLUMNS FROM `cz_news` [ RunTime:0.0035s ]
SQL: SELECT * FROM `cz_news` LIMIT 0,1   [ RunTime:0.0010s ]

[ 2017-08-24T16:40:13+08:00 ] 192.168.69.52 /App/News/index?limit=1&skip=0
INFO: [ app_init ] --START--
INFO: Run Behavior\BuildLiteBehavior [ RunTime:0.000000s ]
INFO: [ app_init ] --END-- [ RunTime:0.000500s ]
INFO: [ app_begin ] --START--
INFO: Run Behavior\ReadHtmlCacheBehavior [ RunTime:0.001000s ]
INFO: [ app_begin ] --END-- [ RunTime:0.001000s ]
SQL: SHOW COLUMNS FROM `cz_news` [ RunTime:0.0030s ]
SQL: SELECT * FROM `cz_news` LIMIT 0,1   [ RunTime:0.0010s ]

[ 2017-08-24T16:40:15+08:00 ] 192.168.69.52 /App/News/index?limit=1&skip=0
INFO: [ app_init ] --START--
INFO: Run Behavior\BuildLiteBehavior [ RunTime:0.000000s ]
INFO: [ app_init ] --END-- [ RunTime:0.000500s ]
INFO: [ app_begin ] --START--
INFO: Run Behavior\ReadHtmlCacheBehavior [ RunTime:0.001000s ]
INFO: [ app_begin ] --END-- [ RunTime:0.001000s ]
SQL: SHOW COLUMNS FROM `cz_news` [ RunTime:0.0040s ]
SQL: SELECT * FROM `cz_news` LIMIT 0,1   [ RunTime:0.0010s ]

[ 2017-08-24T16:40:22+08:00 ] 192.168.69.52 /App/News/index?limit=1&skip=0
INFO: [ app_init ] --START--
INFO: Run Behavior\BuildLiteBehavior [ RunTime:0.000000s ]
INFO: [ app_init ] --END-- [ RunTime:0.000000s ]
INFO: [ app_begin ] --START--
INFO: Run Behavior\ReadHtmlCacheBehavior [ RunTime:0.001000s ]
INFO: [ app_begin ] --END-- [ RunTime:0.001000s ]
SQL: SHOW COLUMNS FROM `cz_news` [ RunTime:0.0025s ]
SQL: SELECT * FROM `cz_news` LIMIT 0,1   [ RunTime:0.0010s ]

[ 2017-08-24T16:52:51+08:00 ] 192.168.69.52 /App/News/index?limit=1&skip=0
INFO: [ app_init ] --START--
INFO: Run Behavior\BuildLiteBehavior [ RunTime:0.000000s ]
INFO: [ app_init ] --END-- [ RunTime:0.001000s ]
INFO: [ app_begin ] --START--
INFO: Run Behavior\ReadHtmlCacheBehavior [ RunTime:0.001000s ]
INFO: [ app_begin ] --END-- [ RunTime:0.001000s ]
SQL: SHOW COLUMNS FROM `cz_news` [ RunTime:0.0030s ]
SQL: SELECT * FROM `cz_news` LIMIT 0,1   [ RunTime:0.0015s ]

[ 2017-08-24T16:52:52+08:00 ] 192.168.69.52 /App/News/index?limit=1&skip=0
INFO: [ app_init ] --START--
INFO: Run Behavior\BuildLiteBehavior [ RunTime:0.000000s ]
INFO: [ app_init ] --END-- [ RunTime:0.000500s ]
INFO: [ app_begin ] --START--
INFO: Run Behavior\ReadHtmlCacheBehavior [ RunTime:0.000500s ]
INFO: [ app_begin ] --END-- [ RunTime:0.000500s ]
SQL: SHOW COLUMNS FROM `cz_news` [ RunTime:0.0030s ]
SQL: SELECT * FROM `cz_news` LIMIT 0,1   [ RunTime:0.0010s ]

[ 2017-08-24T16:53:00+08:00 ] 192.168.69.52 /App/News/index?limit=1&skip=0
INFO: [ app_init ] --START--
INFO: Run Behavior\BuildLiteBehavior [ RunTime:0.000000s ]
INFO: [ app_init ] --END-- [ RunTime:0.000500s ]
INFO: [ app_begin ] --START--
INFO: Run Behavior\ReadHtmlCacheBehavior [ RunTime:0.001000s ]
INFO: [ app_begin ] --END-- [ RunTime:0.001000s ]
SQL: SHOW COLUMNS FROM `cz_news` [ RunTime:0.0025s ]
SQL: SELECT * FROM `cz_news` LIMIT 0,1   [ RunTime:0.0010s ]

[ 2017-08-24T16:53:01+08:00 ] 192.168.69.52 /App/News/index?limit=1&skip=0
INFO: [ app_init ] --START--
INFO: Run Behavior\BuildLiteBehavior [ RunTime:0.000000s ]
INFO: [ app_init ] --END-- [ RunTime:0.000500s ]
INFO: [ app_begin ] --START--
INFO: Run Behavior\ReadHtmlCacheBehavior [ RunTime:0.001000s ]
INFO: [ app_begin ] --END-- [ RunTime:0.001000s ]
SQL: SHOW COLUMNS FROM `cz_news` [ RunTime:0.0030s ]
SQL: SELECT * FROM `cz_news` LIMIT 0,1   [ RunTime:0.0020s ]

[ 2017-08-24T16:53:02+08:00 ] 192.168.69.52 /App/News/index?limit=1&skip=0
INFO: [ app_init ] --START--
INFO: Run Behavior\BuildLiteBehavior [ RunTime:0.000000s ]
INFO: [ app_init ] --END-- [ RunTime:0.000500s ]
INFO: [ app_begin ] --START--
INFO: Run Behavior\ReadHtmlCacheBehavior [ RunTime:0.001501s ]
INFO: [ app_begin ] --END-- [ RunTime:0.001501s ]
SQL: SHOW COLUMNS FROM `cz_news` [ RunTime:0.0025s ]
SQL: SELECT * FROM `cz_news` LIMIT 0,1   [ RunTime:0.0010s ]

[ 2017-08-24T16:53:03+08:00 ] 192.168.69.52 /App/News/index?limit=1&skip=0
INFO: [ app_init ] --START--
INFO: Run Behavior\BuildLiteBehavior [ RunTime:0.000000s ]
INFO: [ app_init ] --END-- [ RunTime:0.001000s ]
INFO: [ app_begin ] --START--
INFO: Run Behavior\ReadHtmlCacheBehavior [ RunTime:0.001000s ]
INFO: [ app_begin ] --END-- [ RunTime:0.001000s ]
SQL: SHOW COLUMNS FROM `cz_news` [ RunTime:0.0030s ]
SQL: SELECT * FROM `cz_news` LIMIT 0,1   [ RunTime:0.0010s ]

[ 2017-08-24T16:53:04+08:00 ] 192.168.69.52 /App/News/index?limit=1&skip=0
INFO: [ app_init ] --START--
INFO: Run Behavior\BuildLiteBehavior [ RunTime:0.000000s ]
INFO: [ app_init ] --END-- [ RunTime:0.000500s ]
INFO: [ app_begin ] --START--
INFO: Run Behavior\ReadHtmlCacheBehavior [ RunTime:0.001000s ]
INFO: [ app_begin ] --END-- [ RunTime:0.001000s ]
SQL: SHOW COLUMNS FROM `cz_news` [ RunTime:0.0030s ]
SQL: SELECT * FROM `cz_news` LIMIT 0,1   [ RunTime:0.0015s ]

[ 2017-08-24T16:53:05+08:00 ] 192.168.69.52 /App/News/index?limit=1&skip=0
INFO: [ app_init ] --START--
INFO: Run Behavior\BuildLiteBehavior [ RunTime:0.000000s ]
INFO: [ app_init ] --END-- [ RunTime:0.000500s ]
INFO: [ app_begin ] --START--
INFO: Run Behavior\ReadHtmlCacheBehavior [ RunTime:0.001000s ]
INFO: [ app_begin ] --END-- [ RunTime:0.001000s ]
SQL: SHOW COLUMNS FROM `cz_news` [ RunTime:0.0030s ]
SQL: SELECT * FROM `cz_news` LIMIT 0,1   [ RunTime:0.0015s ]

[ 2017-08-24T16:53:06+08:00 ] 192.168.69.52 /App/News/index?limit=1&skip=0
INFO: [ app_init ] --START--
INFO: Run Behavior\BuildLiteBehavior [ RunTime:0.000000s ]
INFO: [ app_init ] --END-- [ RunTime:0.000500s ]
INFO: [ app_begin ] --START--
INFO: Run Behavior\ReadHtmlCacheBehavior [ RunTime:0.001000s ]
INFO: [ app_begin ] --END-- [ RunTime:0.001000s ]
SQL: SHOW COLUMNS FROM `cz_news` [ RunTime:0.0035s ]
SQL: SELECT * FROM `cz_news` LIMIT 0,1   [ RunTime:0.0010s ]

[ 2017-08-24T16:53:34+08:00 ] 192.168.69.52 /App/News/index?limit=1&skip=0
INFO: [ app_init ] --START--
INFO: Run Behavior\BuildLiteBehavior [ RunTime:0.000000s ]
INFO: [ app_init ] --END-- [ RunTime:0.000500s ]
INFO: [ app_begin ] --START--
INFO: Run Behavior\ReadHtmlCacheBehavior [ RunTime:0.001000s ]
INFO: [ app_begin ] --END-- [ RunTime:0.001000s ]
SQL: SHOW COLUMNS FROM `cz_news` [ RunTime:0.0040s ]
SQL: SELECT * FROM `cz_news` LIMIT 0,1   [ RunTime:0.0015s ]

[ 2017-08-24T16:53:44+08:00 ] 192.168.69.52 /App/News/index?limit=1&skip=0
INFO: [ app_init ] --START--
INFO: Run Behavior\BuildLiteBehavior [ RunTime:0.000000s ]
INFO: [ app_init ] --END-- [ RunTime:0.000500s ]
INFO: [ app_begin ] --START--
INFO: Run Behavior\ReadHtmlCacheBehavior [ RunTime:0.000500s ]
INFO: [ app_begin ] --END-- [ RunTime:0.000500s ]
SQL: SHOW COLUMNS FROM `cz_news` [ RunTime:0.0035s ]
SQL: SELECT * FROM `cz_news` LIMIT 0,1   [ RunTime:0.0015s ]

[ 2017-08-24T16:53:51+08:00 ] 192.168.69.52 /App/News/index?limit=1&skip=0
INFO: [ app_init ] --START--
INFO: Run Behavior\BuildLiteBehavior [ RunTime:0.000000s ]
INFO: [ app_init ] --END-- [ RunTime:0.000500s ]
INFO: [ app_begin ] --START--
INFO: Run Behavior\ReadHtmlCacheBehavior [ RunTime:0.001000s ]
INFO: [ app_begin ] --END-- [ RunTime:0.001000s ]
SQL: SHOW COLUMNS FROM `cz_news` [ RunTime:0.0030s ]
SQL: SELECT * FROM `cz_news` LIMIT 0,1   [ RunTime:0.0015s ]

[ 2017-08-24T16:53:53+08:00 ] 192.168.69.52 /App/News/index?limit=1&skip=0
INFO: [ app_init ] --START--
INFO: Run Behavior\BuildLiteBehavior [ RunTime:0.000000s ]
INFO: [ app_init ] --END-- [ RunTime:0.000500s ]
INFO: [ app_begin ] --START--
INFO: Run Behavior\ReadHtmlCacheBehavior [ RunTime:0.000500s ]
INFO: [ app_begin ] --END-- [ RunTime:0.000500s ]
SQL: SHOW COLUMNS FROM `cz_news` [ RunTime:0.0025s ]
SQL: SELECT * FROM `cz_news` LIMIT 0,1   [ RunTime:0.0010s ]

[ 2017-08-24T16:58:25+08:00 ] 192.168.69.52 /App/News/index?limit=1&skip=0
INFO: [ app_init ] --START--
INFO: Run Behavior\BuildLiteBehavior [ RunTime:0.000000s ]
INFO: [ app_init ] --END-- [ RunTime:0.000500s ]
INFO: [ app_begin ] --START--
INFO: Run Behavior\ReadHtmlCacheBehavior [ RunTime:0.001000s ]
INFO: [ app_begin ] --END-- [ RunTime:0.001000s ]
SQL: SHOW COLUMNS FROM `cz_news` [ RunTime:0.0040s ]
SQL: SELECT * FROM `cz_news` LIMIT 0,1   [ RunTime:0.0020s ]

[ 2017-08-24T17:02:51+08:00 ] 192.168.69.52 /App/News/index?limit=1&skip=0
INFO: [ app_init ] --START--
INFO: Run Behavior\BuildLiteBehavior [ RunTime:0.000000s ]
INFO: [ app_init ] --END-- [ RunTime:0.000000s ]
INFO: [ app_begin ] --START--
INFO: Run Behavior\ReadHtmlCacheBehavior [ RunTime:0.000500s ]
INFO: [ app_begin ] --END-- [ RunTime:0.000500s ]
SQL: SHOW COLUMNS FROM `cz_news` [ RunTime:0.0030s ]
SQL: SELECT * FROM `cz_news` LIMIT 0,1   [ RunTime:0.0015s ]

[ 2017-08-24T17:03:00+08:00 ] 192.168.69.52 /App/News/index?limit=1&skip=1
INFO: [ app_init ] --START--
INFO: Run Behavior\BuildLiteBehavior [ RunTime:0.000000s ]
INFO: [ app_init ] --END-- [ RunTime:0.000500s ]
INFO: [ app_begin ] --START--
INFO: Run Behavior\ReadHtmlCacheBehavior [ RunTime:0.001000s ]
INFO: [ app_begin ] --END-- [ RunTime:0.001000s ]
SQL: SHOW COLUMNS FROM `cz_news` [ RunTime:0.0035s ]
SQL: SELECT * FROM `cz_news` LIMIT 1,1   [ RunTime:0.0020s ]

[ 2017-08-24T17:03:06+08:00 ] 192.168.69.52 /App/News/index?limit=1&skip=2
INFO: [ app_init ] --START--
INFO: Run Behavior\BuildLiteBehavior [ RunTime:0.000000s ]
INFO: [ app_init ] --END-- [ RunTime:0.000500s ]
INFO: [ app_begin ] --START--
INFO: Run Behavior\ReadHtmlCacheBehavior [ RunTime:0.001000s ]
INFO: [ app_begin ] --END-- [ RunTime:0.001000s ]
SQL: SHOW COLUMNS FROM `cz_news` [ RunTime:0.0035s ]
SQL: SELECT * FROM `cz_news` LIMIT 2,1   [ RunTime:0.0010s ]

[ 2017-08-24T17:05:42+08:00 ] 192.168.69.52 /App/News/index?limit=1&skip=2
INFO: [ app_init ] --START--
INFO: Run Behavior\BuildLiteBehavior [ RunTime:0.000000s ]
INFO: [ app_init ] --END-- [ RunTime:0.000500s ]
INFO: [ app_begin ] --START--
INFO: Run Behavior\ReadHtmlCacheBehavior [ RunTime:0.001000s ]
INFO: [ app_begin ] --END-- [ RunTime:0.001000s ]
SQL: SHOW COLUMNS FROM `cz_news` [ RunTime:0.0025s ]
SQL: SELECT * FROM `cz_news` LIMIT 2,1   [ RunTime:0.0010s ]

[ 2017-08-24T17:05:43+08:00 ] 192.168.69.52 /App/News/index?limit=1&skip=3
INFO: [ app_init ] --START--
INFO: Run Behavior\BuildLiteBehavior [ RunTime:0.000500s ]
INFO: [ app_init ] --END-- [ RunTime:0.001000s ]
INFO: [ app_begin ] --START--
INFO: Run Behavior\ReadHtmlCacheBehavior [ RunTime:0.001000s ]
INFO: [ app_begin ] --END-- [ RunTime:0.001000s ]
SQL: SHOW COLUMNS FROM `cz_news` [ RunTime:0.0025s ]
SQL: SELECT * FROM `cz_news` LIMIT 3,1   [ RunTime:0.0010s ]

[ 2017-08-24T17:05:45+08:00 ] 192.168.69.52 /App/News/index?limit=1&skip=3
INFO: [ app_init ] --START--
INFO: Run Behavior\BuildLiteBehavior [ RunTime:0.000000s ]
INFO: [ app_init ] --END-- [ RunTime:0.000500s ]
INFO: [ app_begin ] --START--
INFO: Run Behavior\ReadHtmlCacheBehavior [ RunTime:0.001500s ]
INFO: [ app_begin ] --END-- [ RunTime:0.001500s ]
SQL: SHOW COLUMNS FROM `cz_news` [ RunTime:0.0025s ]
SQL: SELECT * FROM `cz_news` LIMIT 3,1   [ RunTime:0.0005s ]

[ 2017-08-24T17:06:13+08:00 ] 192.168.69.52 /App/News/index?limit=1&skip=3
INFO: [ app_init ] --START--
INFO: Run Behavior\BuildLiteBehavior [ RunTime:0.000000s ]
INFO: [ app_init ] --END-- [ RunTime:0.001000s ]
INFO: [ app_begin ] --START--
INFO: Run Behavior\ReadHtmlCacheBehavior [ RunTime:0.001500s ]
INFO: [ app_begin ] --END-- [ RunTime:0.001500s ]
SQL: SHOW COLUMNS FROM `cz_news` [ RunTime:0.0040s ]
SQL: SELECT * FROM `cz_news` LIMIT 3,1   [ RunTime:0.0015s ]

[ 2017-08-24T17:07:08+08:00 ] 192.168.69.52 /App/News/index?limit=1&skip=0
INFO: [ app_init ] --START--
INFO: Run Behavior\BuildLiteBehavior [ RunTime:0.000000s ]
INFO: [ app_init ] --END-- [ RunTime:0.000500s ]
INFO: [ app_begin ] --START--
INFO: Run Behavior\ReadHtmlCacheBehavior [ RunTime:0.000500s ]
INFO: [ app_begin ] --END-- [ RunTime:0.000500s ]
SQL: SHOW COLUMNS FROM `cz_news` [ RunTime:0.0030s ]
SQL: SELECT * FROM `cz_news` LIMIT 0,1   [ RunTime:0.0010s ]

[ 2017-08-24T17:08:02+08:00 ] 192.168.69.52 /App/News/index?limit=1&skip=1
INFO: [ app_init ] --START--
INFO: Run Behavior\BuildLiteBehavior [ RunTime:0.000000s ]
INFO: [ app_init ] --END-- [ RunTime:0.000500s ]
INFO: [ app_begin ] --START--
INFO: Run Behavior\ReadHtmlCacheBehavior [ RunTime:0.000500s ]
INFO: [ app_begin ] --END-- [ RunTime:0.000500s ]
SQL: SHOW COLUMNS FROM `cz_news` [ RunTime:0.0025s ]
SQL: SELECT * FROM `cz_news` LIMIT 1,1   [ RunTime:0.0010s ]

[ 2017-08-24T17:08:11+08:00 ] 192.168.69.52 /App/News/index?limit=1&skip=2
INFO: [ app_init ] --START--
INFO: Run Behavior\BuildLiteBehavior [ RunTime:0.000000s ]
INFO: [ app_init ] --END-- [ RunTime:0.000500s ]
INFO: [ app_begin ] --START--
INFO: Run Behavior\ReadHtmlCacheBehavior [ RunTime:0.001000s ]
INFO: [ app_begin ] --END-- [ RunTime:0.001000s ]
SQL: SHOW COLUMNS FROM `cz_news` [ RunTime:0.0070s ]
SQL: SELECT * FROM `cz_news` LIMIT 2,1   [ RunTime:0.0010s ]

[ 2017-08-24T17:08:15+08:00 ] 192.168.69.52 /App/News/index?limit=1&skip=3
INFO: [ app_init ] --START--
INFO: Run Behavior\BuildLiteBehavior [ RunTime:0.000000s ]
INFO: [ app_init ] --END-- [ RunTime:0.000500s ]
INFO: [ app_begin ] --START--
INFO: Run Behavior\ReadHtmlCacheBehavior [ RunTime:0.000500s ]
INFO: [ app_begin ] --END-- [ RunTime:0.000500s ]
SQL: SHOW COLUMNS FROM `cz_news` [ RunTime:0.0030s ]
SQL: SELECT * FROM `cz_news` LIMIT 3,1   [ RunTime:0.0015s ]

[ 2017-08-24T17:08:17+08:00 ] 192.168.69.52 /App/News/index?limit=1&skip=3
INFO: [ app_init ] --START--
INFO: Run Behavior\BuildLiteBehavior [ RunTime:0.000000s ]
INFO: [ app_init ] --END-- [ RunTime:0.000000s ]
INFO: [ app_begin ] --START--
INFO: Run Behavior\ReadHtmlCacheBehavior [ RunTime:0.001001s ]
INFO: [ app_begin ] --END-- [ RunTime:0.001001s ]
SQL: SHOW COLUMNS FROM `cz_news` [ RunTime:0.0030s ]
SQL: SELECT * FROM `cz_news` LIMIT 3,1   [ RunTime:0.0010s ]

[ 2017-08-24T17:08:19+08:00 ] 192.168.69.52 /App/News/index?limit=1&skip=3
INFO: [ app_init ] --START--
INFO: Run Behavior\BuildLiteBehavior [ RunTime:0.000000s ]
INFO: [ app_init ] --END-- [ RunTime:0.000500s ]
INFO: [ app_begin ] --START--
INFO: Run Behavior\ReadHtmlCacheBehavior [ RunTime:0.001501s ]
INFO: [ app_begin ] --END-- [ RunTime:0.001501s ]
SQL: SHOW COLUMNS FROM `cz_news` [ RunTime:0.0040s ]
SQL: SELECT * FROM `cz_news` LIMIT 3,1   [ RunTime:0.0010s ]

[ 2017-08-24T17:08:36+08:00 ] 192.168.69.52 /App/News/index?limit=1&skip=3
INFO: [ app_init ] --START--
INFO: Run Behavior\BuildLiteBehavior [ RunTime:0.000000s ]
INFO: [ app_init ] --END-- [ RunTime:0.000500s ]
INFO: [ app_begin ] --START--
INFO: Run Behavior\ReadHtmlCacheBehavior [ RunTime:0.001500s ]
INFO: [ app_begin ] --END-- [ RunTime:0.001500s ]
SQL: SHOW COLUMNS FROM `cz_news` [ RunTime:0.0035s ]
SQL: SELECT * FROM `cz_news` LIMIT 3,1   [ RunTime:0.0010s ]

[ 2017-08-24T17:09:11+08:00 ] 192.168.69.52 /App/News/index?limit=1&skip=0
INFO: [ app_init ] --START--
INFO: Run Behavior\BuildLiteBehavior [ RunTime:0.000000s ]
INFO: [ app_init ] --END-- [ RunTime:0.000500s ]
INFO: [ app_begin ] --START--
INFO: Run Behavior\ReadHtmlCacheBehavior [ RunTime:0.000500s ]
INFO: [ app_begin ] --END-- [ RunTime:0.001000s ]
SQL: SHOW COLUMNS FROM `cz_news` [ RunTime:0.0040s ]
SQL: SELECT * FROM `cz_news` LIMIT 0,1   [ RunTime:0.0015s ]

[ 2017-08-24T17:09:18+08:00 ] 192.168.69.52 /App/News/index?limit=1&skip=1
INFO: [ app_init ] --START--
INFO: Run Behavior\BuildLiteBehavior [ RunTime:0.000000s ]
INFO: [ app_init ] --END-- [ RunTime:0.000500s ]
INFO: [ app_begin ] --START--
INFO: Run Behavior\ReadHtmlCacheBehavior [ RunTime:0.001000s ]
INFO: [ app_begin ] --END-- [ RunTime:0.001000s ]
SQL: SHOW COLUMNS FROM `cz_news` [ RunTime:0.0040s ]
SQL: SELECT * FROM `cz_news` LIMIT 1,1   [ RunTime:0.0015s ]

[ 2017-08-24T17:09:26+08:00 ] 192.168.69.52 /App/News/index?limit=1&skip=2
INFO: [ app_init ] --START--
INFO: Run Behavior\BuildLiteBehavior [ RunTime:0.000000s ]
INFO: [ app_init ] --END-- [ RunTime:0.001000s ]
INFO: [ app_begin ] --START--
INFO: Run Behavior\ReadHtmlCacheBehavior [ RunTime:0.001500s ]
INFO: [ app_begin ] --END-- [ RunTime:0.001500s ]
SQL: SHOW COLUMNS FROM `cz_news` [ RunTime:0.0030s ]
SQL: SELECT * FROM `cz_news` LIMIT 2,1   [ RunTime:0.0010s ]

[ 2017-08-24T17:10:05+08:00 ] 192.168.69.52 /App/News/index
INFO: [ app_init ] --START--
INFO: Run Behavior\BuildLiteBehavior [ RunTime:0.000000s ]
INFO: [ app_init ] --END-- [ RunTime:0.000500s ]
INFO: [ app_begin ] --START--
INFO: Run Behavior\ReadHtmlCacheBehavior [ RunTime:0.001000s ]
INFO: [ app_begin ] --END-- [ RunTime:0.001000s ]
SQL: SHOW COLUMNS FROM `cz_news` [ RunTime:0.0030s ]
SQL: SELECT * FROM `cz_news`  [ RunTime:0.0015s ]

[ 2017-08-24T17:10:09+08:00 ] 192.168.69.52 /App/News/index
INFO: [ app_init ] --START--
INFO: Run Behavior\BuildLiteBehavior [ RunTime:0.000000s ]
INFO: [ app_init ] --END-- [ RunTime:0.000500s ]
INFO: [ app_begin ] --START--
INFO: Run Behavior\ReadHtmlCacheBehavior [ RunTime:0.001500s ]
INFO: [ app_begin ] --END-- [ RunTime:0.001500s ]
SQL: SHOW COLUMNS FROM `cz_news` [ RunTime:0.0030s ]
SQL: SELECT * FROM `cz_news`  [ RunTime:0.0010s ]

[ 2017-08-24T17:10:41+08:00 ] 192.168.69.52 /App/News/index?limit=1&skip=0
INFO: [ app_init ] --START--
INFO: Run Behavior\BuildLiteBehavior [ RunTime:0.000000s ]
INFO: [ app_init ] --END-- [ RunTime:0.000501s ]
INFO: [ app_begin ] --START--
INFO: Run Behavior\ReadHtmlCacheBehavior [ RunTime:0.001000s ]
INFO: [ app_begin ] --END-- [ RunTime:0.001000s ]
SQL: SHOW COLUMNS FROM `cz_news` [ RunTime:0.0050s ]
SQL: SELECT * FROM `cz_news` LIMIT 0,1   [ RunTime:0.0040s ]

[ 2017-08-24T17:10:49+08:00 ] 192.168.69.52 /App/News/index?limit=1&skip=1
INFO: [ app_init ] --START--
INFO: Run Behavior\BuildLiteBehavior [ RunTime:0.000000s ]
INFO: [ app_init ] --END-- [ RunTime:0.000500s ]
INFO: [ app_begin ] --START--
INFO: Run Behavior\ReadHtmlCacheBehavior [ RunTime:0.000500s ]
INFO: [ app_begin ] --END-- [ RunTime:0.000500s ]
SQL: SHOW COLUMNS FROM `cz_news` [ RunTime:0.0040s ]
SQL: SELECT * FROM `cz_news` LIMIT 1,1   [ RunTime:0.0010s ]

[ 2017-08-24T17:11:06+08:00 ] 192.168.69.52 /App/News/index?limit=1&skip=2
INFO: [ app_init ] --START--
INFO: Run Behavior\BuildLiteBehavior [ RunTime:0.000000s ]
INFO: [ app_init ] --END-- [ RunTime:0.001000s ]
INFO: [ app_begin ] --START--
INFO: Run Behavior\ReadHtmlCacheBehavior [ RunTime:0.001500s ]
INFO: [ app_begin ] --END-- [ RunTime:0.001500s ]
SQL: SHOW COLUMNS FROM `cz_news` [ RunTime:0.0035s ]
SQL: SELECT * FROM `cz_news` LIMIT 2,1   [ RunTime:0.0010s ]

[ 2017-08-24T17:12:11+08:00 ] 192.168.69.52 /App/News/index?limit=1&skip=0
INFO: [ app_init ] --START--
INFO: Run Behavior\BuildLiteBehavior [ RunTime:0.000000s ]
INFO: [ app_init ] --END-- [ RunTime:0.000500s ]
INFO: [ app_begin ] --START--
INFO: Run Behavior\ReadHtmlCacheBehavior [ RunTime:0.001000s ]
INFO: [ app_begin ] --END-- [ RunTime:0.001000s ]
SQL: SHOW COLUMNS FROM `cz_news` [ RunTime:0.0050s ]
SQL: SELECT * FROM `cz_news` LIMIT 0,1   [ RunTime:0.0020s ]

[ 2017-08-24T17:12:15+08:00 ] 192.168.69.52 /App/News/index?limit=1&skip=1
INFO: [ app_init ] --START--
INFO: Run Behavior\BuildLiteBehavior [ RunTime:0.000000s ]
INFO: [ app_init ] --END-- [ RunTime:0.000500s ]
INFO: [ app_begin ] --START--
INFO: Run Behavior\ReadHtmlCacheBehavior [ RunTime:0.000500s ]
INFO: [ app_begin ] --END-- [ RunTime:0.000500s ]
SQL: SHOW COLUMNS FROM `cz_news` [ RunTime:0.0040s ]
SQL: SELECT * FROM `cz_news` LIMIT 1,1   [ RunTime:0.0010s ]

[ 2017-08-24T17:12:17+08:00 ] 192.168.69.52 /App/News/index?limit=1&skip=2
INFO: [ app_init ] --START--
INFO: Run Behavior\BuildLiteBehavior [ RunTime:0.000000s ]
INFO: [ app_init ] --END-- [ RunTime:0.000500s ]
INFO: [ app_begin ] --START--
INFO: Run Behavior\ReadHtmlCacheBehavior [ RunTime:0.001000s ]
INFO: [ app_begin ] --END-- [ RunTime:0.001000s ]
SQL: SHOW COLUMNS FROM `cz_news` [ RunTime:0.0040s ]
SQL: SELECT * FROM `cz_news` LIMIT 2,1   [ RunTime:0.0015s ]

[ 2017-08-24T17:13:10+08:00 ] 192.168.69.52 /App/News/index?limit=1&skip=3
INFO: [ app_init ] --START--
INFO: Run Behavior\BuildLiteBehavior [ RunTime:0.000000s ]
INFO: [ app_init ] --END-- [ RunTime:0.000500s ]
INFO: [ app_begin ] --START--
INFO: Run Behavior\ReadHtmlCacheBehavior [ RunTime:0.004001s ]
INFO: [ app_begin ] --END-- [ RunTime:0.004001s ]
SQL: SHOW COLUMNS FROM `cz_news` [ RunTime:0.0050s ]
SQL: SELECT * FROM `cz_news` LIMIT 3,1   [ RunTime:0.0010s ]

[ 2017-08-24T17:13:40+08:00 ] 192.168.69.52 /App/News/index?limit=1&skip=3
INFO: [ app_init ] --START--
INFO: Run Behavior\BuildLiteBehavior [ RunTime:0.000000s ]
INFO: [ app_init ] --END-- [ RunTime:0.000500s ]
INFO: [ app_begin ] --START--
INFO: Run Behavior\ReadHtmlCacheBehavior [ RunTime:0.000500s ]
INFO: [ app_begin ] --END-- [ RunTime:0.000500s ]
SQL: SHOW COLUMNS FROM `cz_news` [ RunTime:0.0040s ]
SQL: SELECT * FROM `cz_news` LIMIT 3,1   [ RunTime:0.0015s ]

[ 2017-08-24T17:13:42+08:00 ] 192.168.69.52 /App/News/index?limit=1&skip=3
INFO: [ app_init ] --START--
INFO: Run Behavior\BuildLiteBehavior [ RunTime:0.000000s ]
INFO: [ app_init ] --END-- [ RunTime:0.000500s ]
INFO: [ app_begin ] --START--
INFO: Run Behavior\ReadHtmlCacheBehavior [ RunTime:0.000500s ]
INFO: [ app_begin ] --END-- [ RunTime:0.000500s ]
SQL: SHOW COLUMNS FROM `cz_news` [ RunTime:0.0045s ]
SQL: SELECT * FROM `cz_news` LIMIT 3,1   [ RunTime:0.0020s ]

[ 2017-08-24T17:14:59+08:00 ] 192.168.69.52 /App/News/index?limit=1&skip=0
INFO: [ app_init ] --START--
INFO: Run Behavior\BuildLiteBehavior [ RunTime:0.000000s ]
INFO: [ app_init ] --END-- [ RunTime:0.000500s ]
INFO: [ app_begin ] --START--
INFO: Run Behavior\ReadHtmlCacheBehavior [ RunTime:0.001000s ]
INFO: [ app_begin ] --END-- [ RunTime:0.001000s ]
SQL: SHOW COLUMNS FROM `cz_news` [ RunTime:0.0030s ]
SQL: SELECT * FROM `cz_news` LIMIT 0,1   [ RunTime:0.0005s ]

[ 2017-08-24T17:15:03+08:00 ] 192.168.69.52 /App/News/index?limit=1&skip=0
INFO: [ app_init ] --START--
INFO: Run Behavior\BuildLiteBehavior [ RunTime:0.000000s ]
INFO: [ app_init ] --END-- [ RunTime:0.000500s ]
INFO: [ app_begin ] --START--
INFO: Run Behavior\ReadHtmlCacheBehavior [ RunTime:0.000500s ]
INFO: [ app_begin ] --END-- [ RunTime:0.000500s ]
SQL: SHOW COLUMNS FROM `cz_news` [ RunTime:0.0035s ]
SQL: SELECT * FROM `cz_news` LIMIT 0,1   [ RunTime:0.0010s ]

[ 2017-08-24T17:15:04+08:00 ] 192.168.69.52 /App/News/index?limit=1&skip=0
INFO: [ app_init ] --START--
INFO: Run Behavior\BuildLiteBehavior [ RunTime:0.000000s ]
INFO: [ app_init ] --END-- [ RunTime:0.000500s ]
INFO: [ app_begin ] --START--
INFO: Run Behavior\ReadHtmlCacheBehavior [ RunTime:0.001000s ]
INFO: [ app_begin ] --END-- [ RunTime:0.001000s ]
SQL: SHOW COLUMNS FROM `cz_news` [ RunTime:0.0040s ]
SQL: SELECT * FROM `cz_news` LIMIT 0,1   [ RunTime:0.0015s ]

[ 2017-08-24T17:15:05+08:00 ] 192.168.69.52 /App/News/index?limit=1&skip=0
INFO: [ app_init ] --START--
INFO: Run Behavior\BuildLiteBehavior [ RunTime:0.000000s ]
INFO: [ app_init ] --END-- [ RunTime:0.000500s ]
INFO: [ app_begin ] --START--
INFO: Run Behavior\ReadHtmlCacheBehavior [ RunTime:0.001500s ]
INFO: [ app_begin ] --END-- [ RunTime:0.001500s ]
SQL: SHOW COLUMNS FROM `cz_news` [ RunTime:0.0025s ]
SQL: SELECT * FROM `cz_news` LIMIT 0,1   [ RunTime:0.0010s ]

[ 2017-08-24T17:15:05+08:00 ] 192.168.69.52 /App/News/index?limit=1&skip=0
INFO: [ app_init ] --START--
INFO: Run Behavior\BuildLiteBehavior [ RunTime:0.000000s ]
INFO: [ app_init ] --END-- [ RunTime:0.000500s ]
INFO: [ app_begin ] --START--
INFO: Run Behavior\ReadHtmlCacheBehavior [ RunTime:0.001000s ]
INFO: [ app_begin ] --END-- [ RunTime:0.001000s ]
SQL: SHOW COLUMNS FROM `cz_news` [ RunTime:0.0025s ]
SQL: SELECT * FROM `cz_news` LIMIT 0,1   [ RunTime:0.0015s ]

[ 2017-08-24T17:15:34+08:00 ] 192.168.69.52 /App/News/index?limit=1&skip=0
INFO: [ app_init ] --START--
INFO: Run Behavior\BuildLiteBehavior [ RunTime:0.000500s ]
INFO: [ app_init ] --END-- [ RunTime:0.000500s ]
INFO: [ app_begin ] --START--
INFO: Run Behavior\ReadHtmlCacheBehavior [ RunTime:0.001000s ]
INFO: [ app_begin ] --END-- [ RunTime:0.001000s ]
SQL: SHOW COLUMNS FROM `cz_news` [ RunTime:0.0045s ]
SQL: SELECT * FROM `cz_news` LIMIT 0,1   [ RunTime:0.0020s ]

[ 2017-08-24T17:15:35+08:00 ] 192.168.69.52 /App/News/index?limit=1&skip=0
INFO: [ app_init ] --START--
INFO: Run Behavior\BuildLiteBehavior [ RunTime:0.000500s ]
INFO: [ app_init ] --END-- [ RunTime:0.000500s ]
INFO: [ app_begin ] --START--
INFO: Run Behavior\ReadHtmlCacheBehavior [ RunTime:0.001000s ]
INFO: [ app_begin ] --END-- [ RunTime:0.001000s ]
SQL: SHOW COLUMNS FROM `cz_news` [ RunTime:0.0030s ]
SQL: SELECT * FROM `cz_news` LIMIT 0,1   [ RunTime:0.0010s ]

[ 2017-08-24T17:15:36+08:00 ] 192.168.69.52 /App/News/index?limit=1&skip=0
INFO: [ app_init ] --START--
INFO: Run Behavior\BuildLiteBehavior [ RunTime:0.000000s ]
INFO: [ app_init ] --END-- [ RunTime:0.000500s ]
INFO: [ app_begin ] --START--
INFO: Run Behavior\ReadHtmlCacheBehavior [ RunTime:0.000500s ]
INFO: [ app_begin ] --END-- [ RunTime:0.000500s ]
SQL: SHOW COLUMNS FROM `cz_news` [ RunTime:0.0035s ]
SQL: SELECT * FROM `cz_news` LIMIT 0,1   [ RunTime:0.0010s ]

[ 2017-08-24T17:15:43+08:00 ] 192.168.69.52 /App/News/index?limit=1&skip=0
INFO: [ app_init ] --START--
INFO: Run Behavior\BuildLiteBehavior [ RunTime:0.000000s ]
INFO: [ app_init ] --END-- [ RunTime:0.000501s ]
INFO: [ app_begin ] --START--
INFO: Run Behavior\ReadHtmlCacheBehavior [ RunTime:0.001000s ]
INFO: [ app_begin ] --END-- [ RunTime:0.001000s ]
SQL: SHOW COLUMNS FROM `cz_news` [ RunTime:0.0030s ]
SQL: SELECT * FROM `cz_news` LIMIT 0,1   [ RunTime:0.0015s ]

[ 2017-08-24T17:18:51+08:00 ] 192.168.69.52 /App/News/index?limit=1&skip=0
INFO: [ app_init ] --START--
INFO: Run Behavior\BuildLiteBehavior [ RunTime:0.000000s ]
INFO: [ app_init ] --END-- [ RunTime:0.001000s ]
INFO: [ app_begin ] --START--
INFO: Run Behavior\ReadHtmlCacheBehavior [ RunTime:0.001000s ]
INFO: [ app_begin ] --END-- [ RunTime:0.001000s ]
SQL: SHOW COLUMNS FROM `cz_news` [ RunTime:0.0035s ]
SQL: SELECT * FROM `cz_news` LIMIT 0,1   [ RunTime:0.0015s ]

[ 2017-08-24T17:23:07+08:00 ] 192.168.69.52 /App/News/index?limit=1&skip=0
INFO: [ app_init ] --START--
INFO: Run Behavior\BuildLiteBehavior [ RunTime:0.000000s ]
INFO: [ app_init ] --END-- [ RunTime:0.000500s ]
INFO: [ app_begin ] --START--
INFO: Run Behavior\ReadHtmlCacheBehavior [ RunTime:0.000500s ]
INFO: [ app_begin ] --END-- [ RunTime:0.000500s ]
SQL: SHOW COLUMNS FROM `cz_news` [ RunTime:0.0030s ]
SQL: SELECT * FROM `cz_news` LIMIT 0,1   [ RunTime:0.0010s ]

[ 2017-08-24T17:23:16+08:00 ] 192.168.69.52 /App/News/index?limit=1&skip=1
INFO: [ app_init ] --START--
INFO: Run Behavior\BuildLiteBehavior [ RunTime:0.000000s ]
INFO: [ app_init ] --END-- [ RunTime:0.000500s ]
INFO: [ app_begin ] --START--
INFO: Run Behavior\ReadHtmlCacheBehavior [ RunTime:0.001000s ]
INFO: [ app_begin ] --END-- [ RunTime:0.001000s ]
SQL: SHOW COLUMNS FROM `cz_news` [ RunTime:0.0045s ]
SQL: SELECT * FROM `cz_news` LIMIT 1,1   [ RunTime:0.0020s ]

[ 2017-08-24T17:24:33+08:00 ] 192.168.69.52 /App/News/index?limit=1&skip=2
INFO: [ app_init ] --START--
INFO: Run Behavior\BuildLiteBehavior [ RunTime:0.000000s ]
INFO: [ app_init ] --END-- [ RunTime:0.000500s ]
INFO: [ app_begin ] --START--
INFO: Run Behavior\ReadHtmlCacheBehavior [ RunTime:0.001000s ]
INFO: [ app_begin ] --END-- [ RunTime:0.001000s ]
SQL: SHOW COLUMNS FROM `cz_news` [ RunTime:0.0030s ]
SQL: SELECT * FROM `cz_news` LIMIT 2,1   [ RunTime:0.0010s ]

[ 2017-08-24T17:34:53+08:00 ] 192.168.69.52 /App/News/index?limit=1&skip=0
INFO: [ app_init ] --START--
INFO: Run Behavior\BuildLiteBehavior [ RunTime:0.000000s ]
INFO: [ app_init ] --END-- [ RunTime:0.000500s ]
INFO: [ app_begin ] --START--
INFO: Run Behavior\ReadHtmlCacheBehavior [ RunTime:0.000500s ]
INFO: [ app_begin ] --END-- [ RunTime:0.000500s ]
SQL: SHOW COLUMNS FROM `cz_news` [ RunTime:0.0055s ]
SQL: SELECT * FROM `cz_news` LIMIT 0,1   [ RunTime:0.0020s ]

[ 2017-08-24T17:44:12+08:00 ] 192.168.69.52 /App/News/index?limit=1&skip=0
INFO: [ app_init ] --START--
INFO: Run Behavior\BuildLiteBehavior [ RunTime:0.000000s ]
INFO: [ app_init ] --END-- [ RunTime:0.000500s ]
INFO: [ app_begin ] --START--
INFO: Run Behavior\ReadHtmlCacheBehavior [ RunTime:0.001001s ]
INFO: [ app_begin ] --END-- [ RunTime:0.001001s ]
SQL: SHOW COLUMNS FROM `cz_news` [ RunTime:0.0030s ]
SQL: SELECT * FROM `cz_news` LIMIT 0,1   [ RunTime:0.0015s ]

